<Event>
    <System>
      <Provider Name="Microsoft-Windows-Sysmon" Guid="{5770385f-c22a-43e3-bf4c-06f5698ffbd9}" />
      <EventID>1</EventID>
      <Version>5</Version>
      <Level>4</Level>
      <Task>1</Task>
      <Opcode>0</Opcode>
      <Keywords>0x8000000000000000</Keywords>
      <TimeCreated SystemTime="2025-08-01T14:00:08.308900000Z" />
      <EventRecordID>23</EventRecordID>
      <Correlation />
      <Execution ProcessID="7308" ThreadID="456" />
      <Channel>Microsoft-Windows-Sysmon/Operational</Channel>
      <Computer>DESKTOP-R8Y9C01</Computer>
      <Security UserID="S-1-5-21-4321098765-1234567890-987654321-1001" />
    </System>
    <EventData>
      <Data Name="RuleName">Process Create</Data>
      <Data Name="UtcTime">2025-08-01 14:00:08.308</Data>
      <Data Name="ProcessGuid">{88c0a87a-b44c-64c8-3c3e-e67c00000020}</Data>
      <Data Name="ProcessId">7308</Data>
      <Data Name="Image">C:\Program Files (x86)\Microsoft\Edge\Application\msedge.exe</Data>
      <Data Name="FileVersion">133.0.3065.92</Data>
      <Data Name="CommandLine">"C:\Program Files (x86)\Microsoft\Edge\Application\msedge.exe" --type=renderer --string-annotations --video-capture-use-gpu-memory-buffer --lang=en-US --js-flags=--ms-user-locale= --device-scale-factor=1 --num-raster-threads=2 --enable-main-frame-before-activation --renderer-client-id=5 --always-read-main-dll --field-trial-handle=3684,i,1550120243657407965,15967058427792045687,262144 --variations-seed-version --mojo-platform-channel-handle=3728 /prefetch:1</Data>
      <Data Name="CurrentDirectory">C:\Users\john\Desktop</Data>
      <Data Name="User">DESKTOP-R8Y9C01\john</Data>
      <Data Name="LogonGuid">{88c0a87a-b44c-64c8-3c3e-e67c00000006}</Data>
      <Data Name="LogonId">0x13c7d6</Data>
      <Data Name="TerminalSessionId">1</Data>
      <Data Name="IntegrityLevel">Medium</Data>
      <Data Name="Hashes">SHA256=1c8d5c4149021e1a53383a8b489a2441c8d5c4149021e1a53383a8b489a244</Data>
      <Data Name="ParentProcessGuid">{88c0a87a-b44c-64c8-3c3e-e67c00000007}</Data>
      <Data Name="ParentProcessId">876</Data>
      <Data Name="ParentImage">C:\Program Files (x86)\Microsoft\Edge\Application\msedge.exe</Data>
      <Data Name="ParentCommandLine">"C:\Program Files (x86)\Microsoft\Edge\Application\msedge.exe"</Data>
      <Data Name="ParentUser">DESKTOP-R8Y9C01\john</Data>
    </EventData>
  </Event>
  <Event>
    <System>
      <Provider Name="Microsoft-Windows-Sysmon" Guid="{5770385f-c22a-43e3-bf4c-06f5698ffbd9}" />
      <EventID>1</EventID>
      <Version>5</Version>
      <Level>4</Level>
      <Task>1</Task>
      <Opcode>0</Opcode>
      <Keywords>0x8000000000000000</Keywords>
      <TimeCreated SystemTime="2025-08-01T14:00:08.364900000Z" />
      <EventRecordID>24</EventRecordID>
      <Correlation />
      <Execution ProcessID="7364" ThreadID="456" />
      <Channel>Microsoft-Windows-Sysmon/Operational</Channel>
      <Computer>DESKTOP-R8Y9C01</Computer>
      <Security UserID="S-1-5-21-4321098765-1234567890-987654321-1001" />
    </System>
    <EventData>
      <Data Name="RuleName">Process Create</Data>
      <Data Name="UtcTime">2025-08-01 14:00:08.364</Data>
      <Data Name="ProcessGuid">{88c0a87a-b44c-64c8-3c3e-e67c00000021}</Data>
      <Data Name="ProcessId">7364</Data>
      <Data Name="Image">C:\Program Files (x86)\Microsoft\Edge\Application\msedge.exe</Data>
      <Data Name="FileVersion">133.0.3065.92</Data>
      <Data Name="CommandLine">"C:\Program Files (x86)\Microsoft\Edge\Application\msedge.exe" --type=renderer --string-annotations --extension-process --renderer-sub-type=extension --video-capture-use-gpu-memory-buffer --lang=en-US --js-flags=--ms-user-locale= --device-scale-factor=1 --num-raster-threads=2 --enable-main-frame-before-activation --renderer-client-id=7 --always-read-main-dll --field-trial-handle=4296,i,1550120243657407965,15967058427792045687,262144 --variations-seed-version --mojo-platform-channel-handle=4308 /prefetch:2</Data>
      <Data Name="CurrentDirectory">C:\Users\john\Desktop</Data>
      <Data Name="User">DESKTOP-R8Y9C01\john</Data>
      <Data Name="LogonGuid">{88c0a87a-b44c-64c8-3c3e-e67c00000006}</Data>
      <Data Name="LogonId">0x13c7d6</Data>
      <Data Name="TerminalSessionId">1</Data>
      <Data Name="IntegrityLevel">Medium</Data>
      <Data Name="Hashes">SHA256=1c8d5c4149021e1a53383a8b489a2441c8d5c4149021e1a53383a8b489a244</Data>
      <Data Name="ParentProcessGuid">{88c0a87a-b44c-64c8-3c3e-e67c00000007}</Data>
      <Data Name="ParentProcessId">876</Data>
      <Data Name="ParentImage">C:\Program Files (x86)\Microsoft\Edge\Application\msedge.exe</Data>
      <Data Name="ParentCommandLine">"C:\Program Files (x86)\Microsoft\Edge\Application\msedge.exe"</Data>
      <Data Name="ParentUser">DESKTOP-R8Y9C01\john</Data>
    </EventData>
  </Event>
  <Event>
    <System>
      <Provider Name="Microsoft-Windows-Sysmon" Guid="{5770385f-c22a-43e3-bf4c-06f5698ffbd9}" />
      <EventID>1</EventID>
      <Version>5</Version>
      <Level>4</Level>
      <Task>1</Task>
      <Opcode>0</Opcode>
      <Keywords>0x8000000000000000</Keywords>
      <TimeCreated SystemTime="2025-08-01T14:00:08.372900000Z" />
      <EventRecordID>25</EventRecordID>
      <Correlation />
      <Execution ProcessID="7372" ThreadID="456" />
      <Channel>Microsoft-Windows-Sysmon/Operational</Channel>
      <Computer>DESKTOP-R8Y9C01</Computer>
      <Security UserID="S-1-5-21-4321098765-1234567890-987654321-1001" />
    </System>
    <EventData>
      <Data Name="RuleName">Process Create</Data>
      <Data Name="UtcTime">2025-08-01 14:00:08.372</Data>
      <Data Name="ProcessGuid">{88c0a87a-b44c-64c8-3c3e-e67c00000022}</Data>
      <Data Name="ProcessId">7372</Data>
      <Data Name="Image">C:\Program Files (x86)\Microsoft\Edge\Application\msedge.exe</Data>
      <Data Name="FileVersion">133.0.3065.92</Data>
      <Data Name="CommandLine">"C:\Program Files (x86)\Microsoft\Edge\Application\msedge.exe" --type=renderer --string-annotations --extension-process --renderer-sub-type=extension --disable-gpu-compositing --video-capture-use-gpu-memory-buffer --lang=en-US --js-flags=--ms-user-locale= --device-scale-factor=1 --num-raster-threads=2 --enable-main-frame-before-activation --renderer-client-id=21 --always-read-main-dll --field-trial-handle=7140,i,1550120243657407965,15967058427792045687,262144 --variations-seed-version --mojo-platform-channel-handle=6936 /prefetch:2</Data>
      <Data Name="CurrentDirectory">C:\Users\john\Desktop</Data>
      <Data Name="User">DESKTOP-R8Y9C01\john</Data>
      <Data Name="LogonGuid">{88c0a87a-b44c-64c8-3c3e-e67c00000006}</Data>
      <Data Name="LogonId">0x13c7d6</Data>
      <Data Name="TerminalSessionId">1</Data>
      <Data Name="IntegrityLevel">Medium</Data>
      <Data Name="Hashes">SHA256=1c8d5c4149021e1a53383a8b489a2441c8d5c4149021e1a53383a8b489a244</Data>
      <Data Name="ParentProcessGuid">{88c0a87a-b44c-64c8-3c3e-e67c00000007}</Data>
      <Data Name="ParentProcessId">876</Data>
      <Data Name="ParentImage">C:\Program Files (x86)\Microsoft\Edge\Application\msedge.exe</Data>
      <Data Name="ParentCommandLine">"C:\Program Files (x86)\Microsoft\Edge\Application\msedge.exe"</Data>
      <Data Name="ParentUser">DESKTOP-R8Y9C01\john</Data>
    </EventData>
  </Event>
  <Event>
    <System>
      <Provider Name="Microsoft-Windows-Sysmon" Guid="{5770385f-c22a-43e3-bf4c-06f5698ffbd9}" />
      <EventID>1</EventID>
      <Version>5</Version>
      <Level>4</Level>
      <Task>1</Task>
      <Opcode>0</Opcode>
      <Keywords>0x8000000000000000</Keywords>
      <TimeCreated SystemTime="2025-08-01T14:00:08.408900000Z" />
      <EventRecordID>26</EventRecordID>
      <Correlation />
      <Execution ProcessID="7408" ThreadID="456" />
      <Channel>Microsoft-Windows-Sysmon/Operational</Channel>
      <Computer>DESKTOP-R8Y9C01</Computer>
      <Security UserID="S-1-5-21-4321098765-1234567890-987654321-1001" />
    </System>
    <EventData>
      <Data Name="RuleName">Process Create</Data>
      <Data Name="UtcTime">2025-08-01 14:00:08.408</Data>
      <Data Name="ProcessGuid">{88c0a87a-b44c-64c8-3c3e-e67c00000023}</Data>
      <Data Name="ProcessId">7408</Data>
      <Data Name="Image">C:\Program Files (x86)\Microsoft\Edge\Application\msedge.exe</Data>
      <Data Name="FileVersion">133.0.3065.92</Data>
      <Data Name="CommandLine">"C:\Program Files (x86)\Microsoft\Edge\Application\msedge.exe" --type=utility --utility-sub-type=unzip.mojom.Unzipper --lang=en-US --service-sandbox-type=service --disable-quic --string-annotations --always-read-main-dll --field-trial-handle=6664,i,1550120243657407965,15967058427792045687,262144 --variations-seed-version --mojo-platform-channel-handle=6476 /prefetch:8</Data>
      <Data Name="CurrentDirectory">C:\Users\john\Desktop</Data>
      <Data Name="User">DESKTOP-R8Y9C01\john</Data>
      <Data Name="LogonGuid">{88c0a87a-b44c-64c8-3c3e-e67c00000006}</Data>
      <Data Name="LogonId">0x13c7d6</Data>
      <Data Name="TerminalSessionId">1</Data>
      <Data Name="IntegrityLevel">Medium</Data>
      <Data Name="Hashes">SHA256=1c8d5c4149021e1a53383a8b489a2441c8d5c4149021e1a53383a8b489a244</Data>
      <Data Name="ParentProcessGuid">{88c0a87a-b44c-64c8-3c3e-e67c00000007}</Data>
      <Data Name="ParentProcessId">876</Data>
      <Data Name="ParentImage">C:\Program Files (x86)\Microsoft\Edge\Application\msedge.exe</Data>
      <Data Name="ParentCommandLine">"C:\Program Files (x86)\Microsoft\Edge\Application\msedge.exe"</Data>
      <Data Name="ParentUser">DESKTOP-R8Y9C01\john</Data>
    </EventData>
  </Event>
  <Event>
    <System>
      <Provider Name="Microsoft-Windows-Sysmon" Guid="{5770385f-c22a-43e3-bf4c-06f5698ffbd9}" />
      <EventID>1</EventID>
      <Version>5</Version>
      <Level>4</Level>
      <Task>1</Task>
      <Opcode>0</Opcode>
      <Keywords>0x8000000000000000</Keywords>
      <TimeCreated SystemTime="2025-08-01T14:00:08.428900000Z" />
      <EventRecordID>27</EventRecordID>
      <Correlation />
      <Execution ProcessID="7428" ThreadID="456" />
      <Channel>Microsoft-Windows-Sysmon/Operational</Channel>
      <Computer>DESKTOP-R8Y9C01</Computer>
      <Security UserID="S-1-5-21-4321098765-1234567890-987654321-1001" />
    </System>
    <EventData>
      <Data Name="RuleName">Process Create</Data>
      <Data Name="UtcTime">2025-08-01 14:00:08.428</Data>
      <Data Name="ProcessGuid">{88c0a87a-b44c-64c8-3c3e-e67c00000024}</Data>
      <Data Name="ProcessId">7428</Data>
      <Data Name="Image">C:\Program Files (x86)\Microsoft\Edge\Application\msedge.exe</Data>
      <Data Name="FileVersion">133.0.3065.92</Data>
      <Data Name="CommandLine">"C:\Program Files (x86)\Microsoft\Edge\Application\msedge.exe" --type=utility --utility-sub-type=unzip.mojom.Unzipper --lang=en-US --service-sandbox-type=service --disable-quic --string-annotations --always-read-main-dll --field-trial-handle=3732,i,1550120243657407965,15967058427792045687,262144 --variations-seed-version --mojo-platform-channel-handle=6516 /prefetch:8</Data>
      <Data Name="CurrentDirectory">C:\Users\john\Desktop</Data>
      <Data Name="User">DESKTOP-R8Y9C01\john</Data>
      <Data Name="LogonGuid">{88c0a87a-b44c-64c8-3c3e-e67c00000006}</Data>
      <Data Name="LogonId">0x13c7d6</Data>
      <Data Name="TerminalSessionId">1</Data>
      <Data Name="IntegrityLevel">Medium</Data>
      <Data Name="Hashes">SHA256=1c8d5c4149021e1a53383a8b489a2441c8d5c4149021e1a53383a8b489a244</Data>
      <Data Name="ParentProcessGuid">{88c0a87a-b44c-64c8-3c3e-e67c00000007}</Data>
      <Data Name="ParentProcessId">876</Data>
      <Data Name="ParentImage">C:\Program Files (x86)\Microsoft\Edge\Application\msedge.exe</Data>
      <Data Name="ParentCommandLine">"C:\Program Files (x86)\Microsoft\Edge\Application\msedge.exe"</Data>
      <Data Name="ParentUser">DESKTOP-R8Y9C01\john</Data>
    </EventData>
  </Event>
  <Event>
    <System>
      <Provider Name="Microsoft-Windows-Sysmon" Guid="{5770385f-c22a-43e3-bf4c-06f5698ffbd9}" />
      <EventID>1</EventID>
      <Version>5</Version>
      <Level>4</Level>
      <Task>1</Task>
      <Opcode>0</Opcode>
      <Keywords>0x8000000000000000</Keywords>
      <TimeCreated SystemTime="2025-08-01T14:00:08.508900000Z" />
      <EventRecordID>28</EventRecordID>
      <Correlation />
      <Execution ProcessID="7508" ThreadID="456" />
      <Channel>Microsoft-Windows-Sysmon/Operational</Channel>
      <Computer>DESKTOP-R8Y9C01</Computer>
      <Security UserID="S-1-5-21-4321098765-1234567890-987654321-1001" />
    </System>
    <EventData>
      <Data Name="RuleName">Process Create</Data>
      <Data Name="UtcTime">2025-08-01 14:00:08.508</Data>
      <Data Name="ProcessGuid">{88c0a87a-b44c-64c8-3c3e-e67c00000025}</Data>
      <Data Name="ProcessId">7508</Data>
      <Data Name="Image">C:\ProgramData\x\ApplicationFrameHost.exe</Data>
      <Data Name="FileVersion">10.0.19041.3636</Data>
      <Data Name="CommandLine">"C:\ProgramData\x\ApplicationFrameHost.exe"</Data>
      <Data Name="CurrentDirectory">C:\ProgramData\x\</Data>
      <Data Name="User">DESKTOP-R8Y9C01\john</Data>
      <Data Name="LogonGuid">{88c0a87a-b44c-64c8-3c3e-e67c00000026}</Data>
      <Data Name="LogonId">0x13c7d6</Data>
      <Data Name="TerminalSessionId">1</Data>
      <Data Name="IntegrityLevel">Medium</Data>
      <Data Name="Hashes">SHA256=e9d8f7e6d5c4b3a2a1f1e2d3c4b5a6d7e9d8f7e6d5c4b3a2a1f1e2d3c4b5a6d7</Data>
      <Data Name="ParentProcessGuid">{88c0a87a-b44c-64c8-3c3e-e67c00000012}</Data>
      <Data Name="ParentProcessId">3944</Data>
      <Data Name="ParentImage">C:\Windows\System32\WindowsPowerShell\v1.0\powershell.exe</Data>
      <Data Name="ParentCommandLine">Powershell "$path = ...</Data>
      <Data Name="ParentUser">DESKTOP-R8Y9C01\john</Data>
    </EventData>
  </Event>
  <Event>
    <System>
      <Provider Name="Microsoft-Windows-Sysmon" Guid="{5770385f-c22a-43e3-bf4c-06f5698ffbd9}" />
      <EventID>1</EventID>
      <Version>5</Version>
      <Level>4</Level>
      <Task>1</Task>
      <Opcode>0</Opcode>
      <Keywords>0x8000000000000000</Keywords>
      <TimeCreated SystemTime="2025-08-01T14:00:08.532900000Z" />
      <EventRecordID>29</EventRecordID>
      <Correlation />
      <Execution ProcessID="7532" ThreadID="456" />
      <Channel>Microsoft-Windows-Sysmon/Operational</Channel>
      <Computer>DESKTOP-R8Y9C01</Computer>
      <Security UserID="S-1-5-21-4321098765-1234567890-987654321-1001" />
    </System>
    <EventData>
      <Data Name="RuleName">Process Create</Data>
      <Data Name="UtcTime">2025-08-01 14:00:08.532</Data>
      <Data Name="ProcessGuid">{88c0a87a-b44c-64c8-3c3e-e67c00000027}</Data>
      <Data Name="ProcessId">7532</Data>
      <Data Name="Image">C:\WINDOWS\System32\slui.exe</Data>
      <Data Name="FileVersion">10.0.19041.3636</Data>
      <Data Name="CommandLine">C:\WINDOWS\System32\slui.exe -Embedding</Data>
      <Data Name="CurrentDirectory">C:\Windows\System32\</Data>
      <Data Name="User">NT AUTHORITY\LocalService</Data>
      <Data Name="LogonGuid">{88c0a87a-b44c-64c8-3c3e-e67c00000028}</Data>
      <Data Name="LogonId">0x3e5</Data>
      <Data Name="TerminalSessionId">0</Data>
      <Data Name="IntegrityLevel">Low</Data>
      <Data Name="Hashes">SHA256=f8e7d6c5b4a3f2e1e9d8c7b6a5a4b3f2e1d0c9b8a7c6b5a4f3e2d1c0b9a8f7e6</Data>
      <Data Name="ParentProcessGuid">{88c0a87a-b44c-64c8-3c3e-e67c00000029}</Data>
      <Data Name="ParentProcessId">872</Data>
      <Data Name="ParentImage">C:\Windows\System32\svchost.exe</Data>
      <Data Name="ParentCommandLine">C:\Windows\System32\svchost.exe -k netsvcs -p</Data>
      <Data Name="ParentUser">NT AUTHORITY\LocalService</Data>
    </EventData>
  </Event>
  <Event>
    <System>
      <Provider Name="Microsoft-Windows-Sysmon" Guid="{5770385f-c22a-43e3-bf4c-06f5698ffbd9}" />
      <EventID>1</EventID>
      <Version>5</Version>
      <Level>4</Level>
      <Task>1</Task>
      <Opcode>0</Opcode>
      <Keywords>0x8000000000000000</Keywords>
      <TimeCreated SystemTime="2025-08-01T14:00:08.580900000Z" />
      <EventRecordID>30</EventRecordID>
      <Correlation />
      <Execution ProcessID="7580" ThreadID="456" />
      <Channel>Microsoft-Windows-Sysmon/Operational</Channel>
      <Computer>DESKTOP-R8Y9C01</Computer>
      <Security UserID="S-1-5-21-4321098765-1234567890-987654321-1001" />
    </System>
    <EventData>
      <Data Name="RuleName">Process Create</Data>
      <Data Name="UtcTime">2025-08-01 14:00:08.580</Data>
      <Data Name="ProcessGuid">{88c0a87a-b44c-64c8-3c3e-e67c0000002a}</Data>
      <Data Name="ProcessId">7580</Data>
      <Data Name="Image">C:\Program Files (x86)\Microsoft\Edge\Application\msedge.exe</Data>
      <Data Name="FileVersion">133.0.3065.92</Data>
      <Data Name="CommandLine">"C:\Program Files (x86)\Microsoft\Edge\Application\msedge.exe" --type=utility --utility-sub-type=data_decoder.mojom.DataDecoderService --lang=en-US --service-sandbox-type=service --disable-quic --string-annotations --always-read-main-dll --field-trial-handle=6312,i,1550120243657407965,15967058427792045687,262144 --variations-seed-version --mojo-platform-channel-handle=6568 /prefetch:8</Data>
      <Data Name="CurrentDirectory">C:\Users\john\Desktop</Data>
      <Data Name="User">DESKTOP-R8Y9C01\john</Data>
      <Data Name="LogonGuid">{88c0a87a-b44c-64c8-3c3e-e67c00000006}</Data>
      <Data Name="LogonId">0x13c7d6</Data>
      <Data Name="TerminalSessionId">1</Data>
      <Data Name="IntegrityLevel">Medium</Data>
      <Data Name="Hashes">SHA256=1c8d5c4149021e1a53383a8b489a2441c8d5c4149021e1a53383a8b489a244</Data>
      <Data Name="ParentProcessGuid">{88c0a87a-b44c-64c8-3c3e-e67c00000007}</Data>
      <Data Name="ParentProcessId">876</Data>
      <Data Name="ParentImage">C:\Program Files (x86)\Microsoft\Edge\Application\msedge.exe</Data>
      <Data Name="ParentCommandLine">"C:\Program Files (x86)\Microsoft\Edge\Application\msedge.exe"</Data>
      <Data Name="ParentUser">DESKTOP-R8Y9C01\john</Data>
    </EventData>
  </Event>
  <Event>
    <System>
      <Provider Name="Microsoft-Windows-Sysmon" Guid="{5770385f-c22a-43e3-bf4c-06f5698ffbd9}" />
      <EventID>1</EventID>
      <Version>5</Version>
      <Level>4</Level>
      <Task>1</Task>
      <Opcode>0</Opcode>
      <Keywords>0x8000000000000000</Keywords>
      <TimeCreated SystemTime="2025-08-01T14:00:08.716900000Z" />
      <EventRecordID>31</EventRecordID>
      <Correlation />
      <Execution ProcessID="7716" ThreadID="456" />
      <Channel>Microsoft-Windows-Sysmon/Operational</Channel>
      <Computer>DESKTOP-R8Y9C01</Computer>
      <Security UserID="S-1-5-21-4321098765-1234567890-987654321-1001" />
    </System>
    <EventData>
      <Data Name="RuleName">Process Create</Data>
      <Data Name="UtcTime">2025-08-01 14:00:08.716</Data>
      <Data Name="ProcessGuid">{88c0a87a-b44c-64c8-3c3e-e67c0000002b}</Data>
      <Data Name="ProcessId">7716</Data>
      <Data Name="Image">C:\Program Files (x86)\Microsoft\Edge\Application\msedge.exe</Data>
      <Data Name="FileVersion">133.0.3065.92</Data>
      <Data Name="CommandLine">"C:\Program Files (x86)\Microsoft\Edge\Application\msedge.exe" --type=gpu-process --disable-gpu-sandbox --use-gl=disabled --gpu-vendor-id=5140 --gpu-device-id=140 --gpu-sub-system-id=0 --gpu-revision=0 --gpu-driver-version=10.0.19041.3636 --string-annotations --gpu-preferences=UAAAAAAAAADoAAAEAAAAAAAAAAAAAAAAAABgAAEAAAAAAAAAAAAAAAAAAABCAAAAAAAAAAAAAAAAAAAAAAAAABAAAAAAAAAAEAAAAAAAAAAIAAAAAAAAAAgAAAAAAAAA --always-read-main-dll --field-trial-handle=6388,i,1550120243657407965,15967058427792045687,262144 --variations-seed-version --mojo-platform-channel-handle=1860 /prefetch:8</Data>
      <Data Name="CurrentDirectory">C:\Users\john\Desktop</Data>
      <Data Name="User">DESKTOP-R8Y9C01\john</Data>
      <Data Name="LogonGuid">{88c0a87a-b44c-64c8-3c3e-e67c00000006}</Data>
      <Data Name="LogonId">0x13c7d6</Data>
      <Data Name="TerminalSessionId">1</Data>
      <Data Name="IntegrityLevel">Medium</Data>
      <Data Name="Hashes">SHA256=1c8d5c4149021e1a53383a8b489a2441c8d5c4149021e1a53383a8b489a244</Data>
      <Data Name="ParentProcessGuid">{88c0a87a-b44c-64c8-3c3e-e67c00000007}</Data>
      <Data Name="ParentProcessId">876</Data>
      <Data Name="ParentImage">C:\Program Files (x86)\Microsoft\Edge\Application\msedge.exe</Data>
      <Data Name="ParentCommandLine">"C:\Program Files (x86)\Microsoft\Edge\Application\msedge.exe"</Data>
      <Data Name="ParentUser">DESKTOP-R8Y9C01\john</Data>
    </EventData>
  </Event>
  <Event>
    <System>
      <Provider Name="Microsoft-Windows-Sysmon" Guid="{5770385f-c22a-43e3-bf4c-06f5698ffbd9}" />
      <EventID>1</EventID>
      <Version>5</Version>
      <Level>4</Level>
      <Task>1</Task>
      <Opcode>0</Opcode>
      <Keywords>0x8000000000000000</Keywords>
      <TimeCreated SystemTime="2025-08-01T14:00:08.780900000Z" />
      <EventRecordID>32</EventRecordID>
      <Correlation />
      <Execution ProcessID="7780" ThreadID="456" />
      <Channel>Microsoft-Windows-Sysmon/Operational</Channel>
      <Computer>DESKTOP-R8Y9C01</Computer>
      <Security UserID="S-1-5-21-4321098765-1234567890-987654321-1001" />
    </System>
    <EventData>
      <Data Name="RuleName">Process Create</Data>
      <Data Name="UtcTime">2025-08-01 14:00:08.780</Data>
      <Data Name="ProcessGuid">{88c0a87a-b44c-64c8-3c3e-e67c0000002c}</Data>
      <Data Name="ProcessId">7780</Data>
      <Data Name="Image">C:\Program Files (x86)\Microsoft\Edge\Application\msedge.exe</Data>
      <Data Name="FileVersion">133.0.3065.92</Data>
      <Data Name="CommandLine">"C:\Program Files (x86)\Microsoft\Edge\Application\msedge.exe" --type=renderer --string-annotations --disable-gpu-compositing --video-capture-use-gpu-memory-buffer --lang=en-US --js-flags=--ms-user-locale= --device-scale-factor=1 --num-raster-threads=2 --enable-main-frame-before-activation --renderer-client-id=8 --always-read-main-dll --field-trial-handle=3604,i,1550120243657407965,15967058427792045687,262144 --variations-seed-version --mojo-platform-channel-handle=3664 /prefetch:1</Data>
      <Data Name="CurrentDirectory">C:\Users\john\Desktop</Data>
      <Data Name="User">DESKTOP-R8Y9C01\john</Data>
      <Data Name="LogonGuid">{88c0a87a-b44c-64c8-3c3e-e67c00000006}</Data>
      <Data Name="LogonId">0x13c7d6</Data>
      <Data Name="TerminalSessionId">1</Data>
      <Data Name="IntegrityLevel">Medium</Data>
      <Data Name="Hashes">SHA256=1c8d5c4149021e1a53383a8b489a2441c8d5c4149021e1a53383a8b489a244</Data>
      <Data Name="ParentProcessGuid">{88c0a87a-b44c-64c8-3c3e-e67c00000007}</Data>
      <Data Name="ParentProcessId">876</Data>
      <Data Name="ParentImage">C:\Program Files (x86)\Microsoft\Edge\Application\msedge.exe</Data>
      <Data Name="ParentCommandLine">"C:\Program Files (x86)\Microsoft\Edge\Application\msedge.exe"</Data>
      <Data Name="ParentUser">DESKTOP-R8Y9C01\john</Data>
    </EventData>
  </Event>
  <Event>
    <System>
      <Provider Name="Microsoft-Windows-Sysmon" Guid="{5770385f-c22a-43e3-bf4c-06f5698ffbd9}" />
      <EventID>1</EventID>
      <Version>5</Version>
      <Level>4</Level>
      <Task>1</Task>
      <Opcode>0</Opcode>
      <Keywords>0x8000000000000000</Keywords>
      <TimeCreated SystemTime="2025-08-01T14:00:08.788900000Z" />
      <EventRecordID>33</EventRecordID>
      <Correlation />
      <Execution ProcessID="7788" ThreadID="456" />
      <Channel>Microsoft-Windows-Sysmon/Operational</Channel>
      <Computer>DESKTOP-R8Y9C01</Computer>
      <Security UserID="S-1-5-21-4321098765-1234567890-987654321-1001" />
    </System>
    <EventData>
      <Data Name="RuleName">Process Create</Data>
      <Data Name="UtcTime">2025-08-01 14:00:08.788</Data>
      <Data Name="ProcessGuid">{88c0a87a-b44c-64c8-3c3e-e67c0000002d}</Data>
      <Data Name="ProcessId">7788</Data>
      <Data Name="Image">C:\Program Files (x86)\Microsoft\Edge\Application\msedge.exe</Data>
      <Data Name="FileVersion">133.0.3065.92</Data>
      <Data Name="CommandLine">"C:\Program Files (x86)\Microsoft\Edge\Application\msedge.exe" --type=utility --utility-sub-type=unzip.mojom.Unzipper --lang=en-US --service-sandbox-type=service --disable-quic --string-annotations --always-read-main-dll --field-trial-handle=5704,i,1550120243657407965,15967058427792045687,262144 --variations-seed-version --mojo-platform-channel-handle=5972 /prefetch:8</Data>
      <Data Name="CurrentDirectory">C:\Users\john\Desktop</Data>
      <Data Name="User">DESKTOP-R8Y9C01\john</Data>
      <Data Name="LogonGuid">{88c0a87a-b44c-64c8-3c3e-e67c00000006}</Data>
      <Data Name="LogonId">0x13c7d6</Data>
      <Data Name="TerminalSessionId">1</Data>
      <Data Name="IntegrityLevel">Medium</Data>
      <Data Name="Hashes">SHA256=1c8d5c4149021e1a53383a8b489a2441c8d5c4149021e1a53383a8b489a244</Data>
      <Data Name="ParentProcessGuid">{88c0a87a-b44c-64c8-3c3e-e67c00000007}</Data>
      <Data Name="ParentProcessId">876</Data>
      <Data Name="ParentImage">C:\Program Files (x86)\Microsoft\Edge\Application\msedge.exe</Data>
      <Data Name="ParentCommandLine">"C:\Program Files (x86)\Microsoft\Edge\Application\msedge.exe"</Data>
      <Data Name="ParentUser">DESKTOP-R8Y9C01\john</Data>
    </EventData>
  </Event>
  <Event>
    <System>
      <Provider Name="Microsoft-Windows-Sysmon" Guid="{5770385f-c22a-43e3-bf4c-06f5698ffbd9}" />
      <EventID>1</EventID>
      <Version>5</Version>
      <Level>4</Level>
      <Task>1</Task>
      <Opcode>0</Opcode>
      <Keywords>0x8000000000000000</Keywords>
      <TimeCreated SystemTime="2025-08-01T14:00:08.852900000Z" />
      <EventRecordID>34</EventRecordID>
      <Correlation />
      <Execution ProcessID="7852" ThreadID="456" />
      <Channel>Microsoft-Windows-Sysmon/Operational</Channel>
      <Computer>DESKTOP-R8Y9C01</Computer>
      <Security UserID="S-1-5-21-4321098765-1234567890-987654321-1001" />
    </System>
    <EventData>
      <Data Name="RuleName">Process Create</Data>
      <Data Name="UtcTime">2025-08-01 14:00:08.852</Data>
      <Data Name="ProcessGuid">{88c0a87a-b44c-64c8-3c3e-e67c0000002e}</Data>
      <Data Name="ProcessId">7852</Data>
      <Data Name="Image">C:\Program Files (x86)\Microsoft\Edge\Application\msedge.exe</Data>
      <Data Name="FileVersion">133.0.3065.92</Data>
      <Data Name="CommandLine">"C:\Program Files (x86)\Microsoft\Edge\Application\msedge.exe" --type=utility --utility-sub-type=edge_xpay_wallet.mojom.EdgeXPayWalletService --lang=en-US --service-sandbox-type=utility --disable-quic --string-annotations --always-read-main-dll --field-trial-handle=4100,i,1550120243657407965,15967058427792045687,262144 --variations-seed-version --mojo-platform-channel-handle=5020 /prefetch:8</Data>
      <Data Name="CurrentDirectory">C:\Users\john\Desktop</Data>
      <Data Name="User">DESKTOP-R8Y9C01\john</Data>
      <Data Name="LogonGuid">{88c0a87a-b44c-64c8-3c3e-e67c00000006}</Data>
      <Data Name="LogonId">0x13c7d6</Data>
      <Data Name="TerminalSessionId">1</Data>
      <Data Name="IntegrityLevel">Medium</Data>
      <Data Name="Hashes">SHA256=1c8d5c4149021e1a53383a8b489a2441c8d5c4149021e1a53383a8b489a244</Data>
      <Data Name="ParentProcessGuid">{88c0a87a-b44c-64c8-3c3e-e67c00000007}</Data>
      <Data Name="ParentProcessId">876</Data>
      <Data Name="ParentImage">C:\Program Files (x86)\Microsoft\Edge\Application\msedge.exe</Data>
      <Data Name="ParentCommandLine">"C:\Program Files (x86)\Microsoft\Edge\Application\msedge.exe"</Data>
      <Data Name="ParentUser">DESKTOP-R8Y9C01\john</Data>
    </EventData>
  </Event>
  <Event>
    <System>
      <Provider Name="Microsoft-Windows-Sysmon" Guid="{5770385f-c22a-43e3-bf4c-06f5698ffbd9}" />
      <EventID>1</EventID>
      <Version>5</Version>
      <Level>4</Level>
      <Task>1</Task>
      <Opcode>0</Opcode>
      <Keywords>0x8000000000000000</Keywords>
      <TimeCreated SystemTime="2025-08-01T14:00:08.896900000Z" />
      <EventRecordID>35</EventRecordID>
      <Correlation />
      <Execution ProcessID="7896" ThreadID="456" />
      <Channel>Microsoft-Windows-Sysmon/Operational</Channel>
      <Computer>DESKTOP-R8Y9C01</Computer>
      <Security UserID="S-1-5-21-4321098765-1234567890-987654321-1001" />
    </System>
    <EventData>
      <Data Name="RuleName">Process Create</Data>
      <Data Name="UtcTime">2025-08-01 14:00:08.896</Data>
      <Data Name="ProcessGuid">{88c0a87a-b44c-64c8-3c3e-e67c0000002f}</Data>
      <Data Name="ProcessId">7896</Data>
      <Data Name="Image">C:\Program Files (x86)\Microsoft\Edge\Application\msedge.exe</Data>
      <Data Name="FileVersion">133.0.3065.92</Data>
      <Data Name="CommandLine">"C:\Program Files (x86)\Microsoft\Edge\Application\msedge.exe" --type=utility --utility-sub-type=asset_store.mojom.AssetStoreService --lang=en-US --service-sandbox-type=asset_store_service --disable-quic --string-annotations --always-read-main-dll --field-trial-handle=5400,i,1550120243657407965,15967058427792045687,262144 --variations-seed-version --mojo-platform-channel-handle=5488 /prefetch:8</Data>
      <Data Name="CurrentDirectory">C:\Users\john\Desktop</Data>
      <Data Name="User">DESKTOP-R8Y9C01\john</Data>
      <Data Name="LogonGuid">{88c0a87a-b44c-64c8-3c3e-e67c00000006}</Data>
      <Data Name="LogonId">0x13c7d6</Data>
      <Data Name="TerminalSessionId">1</Data>
      <Data Name="IntegrityLevel">Medium</Data>
      <Data Name="Hashes">SHA256=1c8d5c4149021e1a53383a8b489a2441c8d5c4149021e1a53383a8b489a244</Data>
      <Data Name="ParentProcessGuid">{88c0a87a-b44c-64c8-3c3e-e67c00000007}</Data>
      <Data Name="ParentProcessId">876</Data>
      <Data Name="ParentImage">C:\Program Files (x86)\Microsoft\Edge\Application\msedge.exe</Data>
      <Data Name="ParentCommandLine">"C:\Program Files (x86)\Microsoft\Edge\Application\msedge.exe"</Data>
      <Data Name="ParentUser">DESKTOP-R8Y9C01\john</Data>
    </EventData>
  </Event>
  <Event>
    <System>
      <Provider Name="Microsoft-Windows-Sysmon" Guid="{5770385f-c22a-43e3-bf4c-06f5698ffbd9}" />
      <EventID>1</EventID>
      <Version>5</Version>
      <Level>4</Level>
      <Task>1</Task>
      <Opcode>0</Opcode>
      <Keywords>0x8000000000000000</Keywords>
      <TimeCreated SystemTime="2025-08-01T14:00:08.904900000Z" />
      <EventRecordID>36</EventRecordID>
      <Correlation />
      <Execution ProcessID="7904" ThreadID="456" />
      <Channel>Microsoft-Windows-Sysmon/Operational</Channel>
      <Computer>DESKTOP-R8Y9C01</Computer>
      <Security UserID="S-1-5-21-4321098765-1234567890-987654321-1001" />
    </System>
    <EventData>
      <Data Name="RuleName">Process Create</Data>
      <Data Name="UtcTime">2025-08-01 14:00:08.904</Data>
      <Data Name="ProcessGuid">{88c0a87a-b44c-64c8-3c3e-e67c00000030}</Data>
      <Data Name="ProcessId">7904</Data>
      <Data Name="Image">C:\Program Files (x86)\Microsoft\Edge\Application\msedge.exe</Data>
      <Data Name="FileVersion">133.0.3065.92</Data>
      <Data Name="CommandLine">"C:\Program Files (x86)\Microsoft\Edge\Application\msedge.exe" --type=utility --utility-sub-type=entity_extraction_service.mojom.Extractor --lang=en-US --service-sandbox-type=entity_extraction --disable-quic --onnx-enabled-for-ee --string-annotations --always-read-main-dll --field-trial-handle=5404,i,1550120243657407965,15967058427792045687,262144 --variations-seed-version --mojo-platform-channel-handle=5528 /prefetch:8</Data>
      <Data Name="CurrentDirectory">C:\Users\john\Desktop</Data>
      <Data Name="User">DESKTOP-R8Y9C01\john</Data>
      <Data Name="LogonGuid">{88c0a87a-b44c-64c8-3c3e-e67c00000006}</Data>
      <Data Name="LogonId">0x13c7d6</Data>
      <Data Name="TerminalSessionId">1</Data>
      <Data Name="IntegrityLevel">Medium</Data>
      <Data Name="Hashes">SHA256=1c8d5c4149021e1a53383a8b489a2441c8d5c4149021e1a53383a8b489a244</Data>
      <Data Name="ParentProcessGuid">{88c0a87a-b44c-64c8-3c3e-e67c00000007}</Data>
      <Data Name="ParentProcessId">876</Data>
      <Data Name="ParentImage">C:\Program Files (x86)\Microsoft\Edge\Application\msedge.exe</Data>
      <Data Name="ParentCommandLine">"C:\Program Files (x86)\Microsoft\Edge\Application\msedge.exe"</Data>
      <Data Name="ParentUser">DESKTOP-R8Y9C01\john</Data>
    </EventData>
  </Event>
  <Event>
    <System>
      <Provider Name="Microsoft-Windows-Sysmon" Guid="{5770385f-c22a-43e3-bf4c-06f5698ffbd9}" />
      <EventID>1</EventID>
      <Version>5</Version>
      <Level>4</Level>
      <Task>1</Task>
      <Opcode>0</Opcode>
      <Keywords>0x8000000000000000</Keywords>
      <TimeCreated SystemTime="2025-08-01T14:00:08.996900000Z" />
      <EventRecordID>37</EventRecordID>
      <Correlation />
      <Execution ProcessID="7996" ThreadID="456" />
      <Channel>Microsoft-Windows-Sysmon/Operational</Channel>
      <Computer>DESKTOP-R8Y9C01</Computer>
      <Security UserID="S-1-5-21-4321098765-1234567890-987654321-1001" />
    </System>
    <EventData>
      <Data Name="RuleName">Process Create</Data>
      <Data Name="UtcTime">2025-08-01 14:00:08.996</Data>
      <Data Name="ProcessGuid">{88c0a87a-b44c-64c8-3c3e-e67c00000031}</Data>
      <Data Name="ProcessId">7996</Data>
      <Data Name="Image">C:\Program Files (x86)\Microsoft\Edge\Application\msedge.exe</Data>
      <Data Name="FileVersion">133.0.3065.92</Data>
      <Data Name="CommandLine">"C:\Program Files (x86)\Microsoft\Edge\Application\msedge.exe" --type=utility --utility-sub-type=data_decoder.mojom.DataDecoderService --lang=en-US --service-sandbox-type=service --disable-quic --string-annotations --always-read-main-dll --field-trial-handle=5968,i,1550120243657407965,15967058427792045687,262144 --variations-seed-version --mojo-platform-channel-handle=5952 /prefetch:8</Data>
      <Data Name="CurrentDirectory">C:\Users\john\Desktop</Data>
      <Data Name="User">DESKTOP-R8Y9C01\john</Data>
      <Data Name="LogonGuid">{88c0a87a-b44c-64c8-3c3e-e67c00000006}</Data>
      <Data Name="LogonId">0x13c7d6</Data>
      <Data Name="TerminalSessionId">1</Data>
      <Data Name="IntegrityLevel">Medium</Data>
      <Data Name="Hashes">SHA256=1c8d5c4149021e1a53383a8b489a2441c8d5c4149021e1a53383a8b489a244</Data>
      <Data Name="ParentProcessGuid">{88c0a87a-b44c-64c8-3c3e-e67c00000007}</Data>
      <Data Name="ParentProcessId">876</Data>
      <Data Name="ParentImage">C:\Program Files (x86)\Microsoft\Edge\Application\msedge.exe</Data>
      <Data Name="ParentCommandLine">"C:\Program Files (x86)\Microsoft\Edge\Application\msedge.exe"</Data>
      <Data Name="ParentUser">DESKTOP-R8Y9C01\john</Data>
    </EventData>
  </Event>
  <Event>
    <System>
      <Provider Name="Microsoft-Windows-Sysmon" Guid="{5770385f-c22a-43e3-bf4c-06f5698ffbd9}" />
      <EventID>1</EventID>
      <Version>5</Version>
      <Level>4</Level>
      <Task>1</Task>
      <Opcode>0</Opcode>
      <Keywords>0x8000000000000000</Keywords>
      <TimeCreated SystemTime="2025-08-01T14:00:09.028900000Z" />
      <EventRecordID>38</EventRecordID>
      <Correlation />
      <Execution ProcessID="8028" ThreadID="456" />
      <Channel>Microsoft-Windows-Sysmon/Operational</Channel>
      <Computer>DESKTOP-R8Y9C01</Computer>
      <Security UserID="S-1-5-21-4321098765-1234567890-987654321-1001" />
    </System>
    <EventData>
      <Data Name="RuleName">Process Create</Data>
      <Data Name="UtcTime">2025-08-01 14:00:09.028</Data>
      <Data Name="ProcessGuid">{88c0a87a-b44c-64c8-3c3e-e67c00000032}</Data>
      <Data Name="ProcessId">8028</Data>
      <Data Name="Image">C:\Program Files (x86)\Microsoft\Edge\Application\msedge.exe</Data>
      <Data Name="FileVersion">133.0.3065.92</Data>
      <Data Name="CommandLine">"C:\Program Files (x86)\Microsoft\Edge\Application\msedge.exe" --type=utility --utility-sub-type=chrome.mojom.UtilWin --lang=en-US --service-sandbox-type=none --disable-quic --message-loop-type-ui --string-annotations --always-read-main-dll --field-trial-handle=7068,i,1550120243657407965,15967058427792045687,262144 --variations-seed-version --mojo-platform-channel-handle=1532 /prefetch:8</Data>
      <Data Name="CurrentDirectory">C:\Users\john\Desktop</Data>
      <Data Name="User">DESKTOP-R8Y9C01\john</Data>
      <Data Name="LogonGuid">{88c0a87a-b44c-64c8-3c3e-e67c00000006}</Data>
      <Data Name="LogonId">0x13c7d6</Data>
      <Data Name="TerminalSessionId">1</Data>
      <Data Name="IntegrityLevel">Medium</Data>
      <Data Name="Hashes">SHA256=1c8d5c4149021e1a53383a8b489a2441c8d5c4149021e1a53383a8b489a244</Data>
      <Data Name="ParentProcessGuid">{88c0a87a-b44c-64c8-3c3e-e67c00000007}</Data>
      <Data Name="ParentProcessId">876</Data>
      <Data Name="ParentImage">C:\Program Files (x86)\Microsoft\Edge\Application\msedge.exe</Data>
      <Data Name="ParentCommandLine">"C:\Program Files (x86)\Microsoft\Edge\Application\msedge.exe"</Data>
      <Data Name="ParentUser">DESKTOP-R8Y9C01\john</Data>
    </EventData>
  </Event>
  <Event>
    <System>
      <Provider Name="Microsoft-Windows-Sysmon" Guid="{5770385f-c22a-43e3-bf4c-06f5698ffbd9}" />
      <EventID>1</EventID>
      <Version>5</Version>
      <Level>4</Level>
      <Task>1</Task>
      <Opcode>0</Opcode>
      <Keywords>0x8000000000000000</Keywords>
      <TimeCreated SystemTime="2025-08-01T14:00:09.032900000Z" />
      <EventRecordID>39</EventRecordID>
      <Correlation />
      <Execution ProcessID="8032" ThreadID="456" />
      <Channel>Microsoft-Windows-Sysmon/Operational</Channel>
      <Computer>DESKTOP-R8Y9C01</Computer>
      <Security UserID="S-1-5-21-4321098765-1234567890-987654321-1001" />
    </System>
    <EventData>
      <Data Name="RuleName">Process Create</Data>
      <Data Name="UtcTime">2025-08-01 14:00:09.032</Data>
      <Data Name="ProcessGuid">{88c0a87a-b44c-64c8-3c3e-e67c00000033}</Data>
      <Data Name="ProcessId">8032</Data>
      <Data Name="Image">C:\Program Files (x86)\Microsoft\Edge\Application\msedge.exe</Data>
      <Data Name="FileVersion">133.0.3065.92</Data>
      <Data Name="CommandLine">"C:\Program Files (x86)\Microsoft\Edge\Application\msedge.exe" --type=utility --utility-sub-type=asset_store.mojom.AssetStoreService --lang=en-US --service-sandbox-type=asset_store_service --disable-quic --string-annotations --always-read-main-dll --field-trial-handle=6000,i,1550120243657407965,15967058427792045687,262144 --variations-seed-version --mojo-platform-channel-handle=6036 /prefetch:8</Data>
      <Data Name="CurrentDirectory">C:\Users\john\Desktop</Data>
      <Data Name="User">DESKTOP-R8Y9C01\john</Data>
      <Data Name="LogonGuid">{88c0a87a-b44c-64c8-3c3e-e67c00000006}</Data>
      <Data Name="LogonId">0x13c7d6</Data>
      <Data Name="TerminalSessionId">1</Data>
      <Data Name="IntegrityLevel">Medium</Data>
      <Data Name="Hashes">SHA256=1c8d5c4149021e1a53383a8b489a2441c8d5c4149021e1a53383a8b489a244</Data>
      <Data Name="ParentProcessGuid">{88c0a87a-b44c-64c8-3c3e-e67c00000007}</Data>
      <Data Name="ParentProcessId">876</Data>
      <Data Name="ParentImage">C:\Program Files (x86)\Microsoft\Edge\Application\msedge.exe</Data>
      <Data Name="ParentCommandLine">"C:\Program Files (x86)\Microsoft\Edge\Application\msedge.exe"</Data>
      <Data Name="ParentUser">DESKTOP-R8Y9C01\john</Data>
    </EventData>
  </Event>
  <Event>
    <System>
      <Provider Name="Microsoft-Windows-Sysmon" Guid="{5770385f-c22a-43e3-bf4c-06f5698ffbd9}" />
      <EventID>1</EventID>
      <Version>5</Version>
      <Level>4</Level>
      <Task>1</Task>
      <Opcode>0</Opcode>
      <Keywords>0x8000000000000000</Keywords>
      <TimeCreated SystemTime="2025-08-01T14:00:09.080900000Z" />
      <EventRecordID>40</EventRecordID>
      <Correlation />
      <Execution ProcessID="8080" ThreadID="456" />
      <Channel>Microsoft-Windows-Sysmon/Operational</Channel>
      <Computer>DESKTOP-R8Y9C01</Computer>
      <Security UserID="S-1-5-21-4321098765-1234567890-987654321-1001" />
    </System>
    <EventData>
      <Data Name="RuleName">Process Create</Data>
      <Data Name="UtcTime">2025-08-01 14:00:09.080</Data>
      <Data Name="ProcessGuid">{88c0a87a-b44c-64c8-3c3e-e67c00000034}</Data>
      <Data Name="ProcessId">8080</Data>
      <Data Name="Image">C:\Program Files (x86)\Microsoft\Edge\Application\133.0.3065.92\identity_helper.exe</Data>
      <Data Name="FileVersion">133.0.3065.92</Data>
      <Data Name="CommandLine">"C:\Program Files (x86)\Microsoft\Edge\Application\133.0.3065.92\identity_helper.exe" --type=utility --utility-sub-type=winrt_app_id.mojom.WinrtAppIdService --lang=en-US --service-sandbox-type=none --disable-quic --string-annotations --always-read-main-dll --field-trial-handle=6228,i,1550120243657407965,15967058427792045687,262144 --variations-seed-version --mojo-platform-channel-handle=6080 /prefetch:8</Data>
      <Data Name="CurrentDirectory">C:\Users\john\Desktop</Data>
      <Data Name="User">DESKTOP-R8Y9C01\john</Data>
      <Data Name="LogonGuid">{88c0a87a-b44c-64c8-3c3e-e67c00000006}</Data>
      <Data Name="LogonId">0x13c7d6</Data>
      <Data Name="TerminalSessionId">1</Data>
      <Data Name="IntegrityLevel">Medium</Data>
      <Data Name="Hashes">SHA256=1c8d5c4149021e1a53383a8b489a2441c8d5c4149021e1a53383a8b489a244</Data>
      <Data Name="ParentProcessGuid">{88c0a87a-b44c-64c8-3c3e-e67c00000007}</Data>
      <Data Name="ParentProcessId">876</Data>
      <Data Name="ParentImage">C:\Program Files (x86)\Microsoft\Edge\Application\msedge.exe</Data>
      <Data Name="ParentCommandLine">"C:\Program Files (x86)\Microsoft\Edge\Application\msedge.exe"</Data>
      <Data Name="ParentUser">DESKTOP-R8Y9C01\john</Data>
    </EventData>
  </Event>
  <Event>
    <System>
      <Provider Name="Microsoft-Windows-Sysmon" Guid="{5770385f-c22a-43e3-bf4c-06f5698ffbd9}" />
      <EventID>1</EventID>
      <Version>5</Version>
      <Level>4</Level>
      <Task>1</Task>
      <Opcode>0</Opcode>
      <Keywords>0x8000000000000000</Keywords>
      <TimeCreated SystemTime="2025-08-01T14:00:09.120900000Z" />
      <EventRecordID>41</EventRecordID>
      <Correlation />
      <Execution ProcessID="8120" ThreadID="456" />
      <Channel>Microsoft-Windows-Sysmon/Operational</Channel>
      <Computer>DESKTOP-R8Y9C01</Computer>
      <Security UserID="S-1-5-21-4321098765-1234567890-987654321-1001" />
    </System>
    <EventData>
      <Data Name="RuleName">Process Create</Data>
      <Data Name="UtcTime">2025-08-01 14:00:09.120</Data>
      <Data Name="ProcessGuid">{88c0a87a-b44c-64c8-3c3e-e67c00000035}</Data>
      <Data Name="ProcessId">8120</Data>
      <Data Name="Image">C:\Program Files (x86)\Microsoft\Edge\Application\133.0.3065.92\identity_helper.exe</Data>
      <Data Name="FileVersion">133.0.3065.92</Data>
      <Data Name="CommandLine">"C:\Program Files (x86)\Microsoft\Edge\Application\133.0.3065.92\identity_helper.exe" --type=utility --utility-sub-type=winrt_app_id.mojom.WinrtAppIdService --lang=en-US --service-sandbox-type=none --disable-quic --string-annotations --always-read-main-dll --field-trial-handle=6228,i,1550120243657407965,15967058427792045687,262144 --variations-seed-version --mojo-platform-channel-handle=6080 /prefetch:8</Data>
      <Data Name="CurrentDirectory">C:\Users\john\Desktop</Data>
      <Data Name="User">DESKTOP-R8Y9C01\john</Data>
      <Data Name="LogonGuid">{88c0a87a-b44c-64c8-3c3e-e67c00000006}</Data>
      <Data Name="LogonId">0x13c7d6</Data>
      <Data Name="TerminalSessionId">1</Data>
      <Data Name="IntegrityLevel">Medium</Data>
      <Data Name="Hashes">SHA256=1c8d5c4149021e1a53383a8b489a2441c8d5c4149021e1a53383a8b489a244</Data>
      <Data Name="ParentProcessGuid">{88c0a87a-b44c-64c8-3c3e-e67c00000007}</Data>
      <Data Name="ParentProcessId">876</Data>
      <Data Name="ParentImage">C:\Program Files (x86)\Microsoft\Edge\Application\msedge.exe</Data>
      <Data Name="ParentCommandLine">"C:\Program Files (x86)\Microsoft\Edge\Application\msedge.exe"</Data>
      <Data Name="ParentUser">DESKTOP-R8Y9C01\john</Data>
    </EventData>
  </Event>
  <Event>
    <System>
      <Provider Name="Microsoft-Windows-Sysmon" Guid="{5770385f-c22a-43e3-bf4c-06f5698ffbd9}" />
      <EventID>1</EventID>
      <Version>5</Version>
      <Level>4</Level>
      <Task>1</Task>
      <Opcode>0</Opcode>
      <Keywords>0x8000000000000000</Keywords>
      <TimeCreated SystemTime="2025-08-01T14:00:09.180900000Z" />
      <EventRecordID>42</EventRecordID>
      <Correlation />
      <Execution ProcessID="8180" ThreadID="456" />
      <Channel>Microsoft-Windows-Sysmon/Operational</Channel>
      <Computer>DESKTOP-R8Y9C01</Computer>
      <Security UserID="S-1-5-21-4321098765-1234567890-987654321-1001" />
    </System>
    <EventData>
      <Data Name="RuleName">Process Create</Data>
      <Data Name="UtcTime">2025-08-01 14:00:09.180</Data>
      <Data Name="ProcessGuid">{88c0a87a-b44c-64c8-3c3e-e67c00000036}</Data>
      <Data Name="ProcessId">8180</Data>
      <Data Name="Image">C:\Program Files (x86)\Microsoft\Edge\Application\msedge.exe</Data>
      <Data Name="FileVersion">133.0.3065.92</Data>
      <Data Name="CommandLine">"C:\Program Files (x86)\Microsoft\Edge\Application\msedge.exe" --type=utility --utility-sub-type=unzip.mojom.Unzipper --lang=en-US --service-sandbox-type=service --disable-quic --string-annotations --always-read-main-dll --field-trial-handle=6048,i,1550120243657407965,15967058427792045687,262144 --variations-seed-version --mojo-platform-channel-handle=6516 /prefetch:8</Data>
      <Data Name="CurrentDirectory">C:\Users\john\Desktop</Data>
      <Data Name="User">DESKTOP-R8Y9C01\john</Data>
      <Data Name="LogonGuid">{88c0a87a-b44c-64c8-3c3e-e67c00000006}</Data>
      <Data Name="LogonId">0x13c7d6</Data>
      <Data Name="TerminalSessionId">1</Data>
      <Data Name="IntegrityLevel">Medium</Data>
      <Data Name="Hashes">SHA256=1c8d5c4149021e1a53383a8b489a2441c8d5c4149021e1a53383a8b489a244</Data>
      <Data Name="ParentProcessGuid">{88c0a87a-b44c-64c8-3c3e-e67c00000007}</Data>
      <Data Name="ParentProcessId">876</Data>
      <Data Name="ParentImage">C:\Program Files (x86)\Microsoft\Edge\Application\msedge.exe</Data>
      <Data Name="ParentCommandLine">"C:\Program Files (x86)\Microsoft\Edge\Application\msedge.exe"</Data>
      <Data Name="ParentUser">DESKTOP-R8Y9C01\john</Data>
    </EventData>
  </Event>
</Events>